{"meta": {"format": 3, "version": "7.13.1", "timestamp": "2026-01-08T11:20:09.525246", "branch_coverage": false, "show_contexts": false}, "files": {"app/__init__.py": {"executed_lines": [], "summary": {"covered_lines": 0, "num_statements": 0, "percent_covered": 100.0, "percent_covered_display": "100", "missing_lines": 0, "excluded_lines": 0, "percent_statements_covered": 100.0, "percent_statements_covered_display": "100"}, "missing_lines": [], "excluded_lines": [], "functions": {"": {"executed_lines": [], "summary": {"covered_lines": 0, "num_statements": 0, "percent_covered": 100.0, "percent_covered_display": "100", "missing_lines": 0, "excluded_lines": 0, "percent_statements_covered": 100.0, "percent_statements_covered_display": "100"}, "missing_lines": [], "excluded_lines": [], "start_line": 1}}, "classes": {"": {"executed_lines": [], "summary": {"covered_lines": 0, "num_statements": 0, "percent_covered": 100.0, "percent_covered_display": "100", "missing_lines": 0, "excluded_lines": 0, "percent_statements_covered": 100.0, "percent_statements_covered_display": "100"}, "missing_lines": [], "excluded_lines": [], "start_line": 1}}}, "app/api/admin.py": {"executed_lines": [8, 9, 10, 11, 12, 13, 15, 16, 17, 18, 19, 26, 28, 30, 37, 38, 51, 54, 55, 56, 58, 60, 63, 64, 74, 75, 76, 81, 82, 83, 84, 86, 87, 90, 91, 102, 103, 108, 109, 116, 117, 121, 127, 128, 129, 131, 135, 138, 139, 150, 151, 156, 157, 158, 164, 165, 169, 176, 177, 178, 181, 184, 186, 187, 194, 195, 207, 210, 211, 212, 214, 215, 216, 217, 220, 229, 232, 233, 242, 243, 244, 249, 254, 255, 256, 258, 259, 270, 271, 280, 281, 282, 287, 289, 293, 294, 298, 300, 301, 303, 304, 305, 307, 311, 312, 323, 324, 334, 335, 336, 341, 342, 343, 345, 346, 349, 350, 360, 361, 362, 368, 372, 373, 379, 383, 384, 389, 394, 395, 396, 398, 402, 410, 411, 420, 424, 425, 430, 431, 433, 437, 440, 441, 449, 450, 457, 461, 462, 468, 470, 486, 487, 496, 501, 502, 504, 505, 507, 510, 511, 514, 516, 530, 536, 537, 548, 551, 552, 558, 559, 560, 561, 567, 572, 573, 578, 580, 582, 586, 592, 593, 602, 605, 612, 616, 617, 620], "summary": {"covered_lines": 187, "num_statements": 192, "percent_covered": 97.39583333333333, "percent_covered_display": "97", "missing_lines": 5, "excluded_lines": 0, "percent_statements_covered": 97.39583333333333, "percent_statements_covered_display": "97"}, "missing_lines": [110, 122, 170, 451, 606], "excluded_lines": [], "functions": {"list_users": {"executed_lines": [51, 54, 55, 56, 58, 60], "summary": {"covered_lines": 6, "num_statements": 6, "percent_covered": 100.0, "percent_covered_display": "100", "missing_lines": 0, "excluded_lines": 0, "percent_statements_covered": 100.0, "percent_statements_covered_display": "100"}, "missing_lines": [], "excluded_lines": [], "start_line": 38}, "activate_user": {"executed_lines": [74, 75, 76, 81, 82, 83, 84, 86, 87], "summary": {"covered_lines": 9, "num_statements": 9, "percent_covered": 100.0, "percent_covered_display": "100", "missing_lines": 0, "excluded_lines": 0, "percent_statements_covered": 100.0, "percent_statements_covered_display": "100"}, "missing_lines": [], "excluded_lines": [], "start_line": 64}, "toggle_user_admin": {"executed_lines": [102, 103, 108, 109, 116, 117, 121, 127, 128, 129, 131, 135], "summary": {"covered_lines": 12, "num_statements": 14, "percent_covered": 85.71428571428571, "percent_covered_display": "86", "missing_lines": 2, "excluded_lines": 0, "percent_statements_covered": 85.71428571428571, "percent_statements_covered_display": "86"}, "missing_lines": [110, 122], "excluded_lines": [], "start_line": 91}, "delete_user": {"executed_lines": [150, 151, 156, 157, 158, 164, 165, 169, 176, 177, 178, 181, 184, 186, 187], "summary": {"covered_lines": 15, "num_statements": 16, "percent_covered": 93.75, "percent_covered_display": "94", "missing_lines": 1, "excluded_lines": 0, "percent_statements_covered": 93.75, "percent_statements_covered_display": "94"}, "missing_lines": [170], "excluded_lines": [], "start_line": 139}, "list_channels": {"executed_lines": [207, 210, 211, 212, 214, 215, 216, 217, 220, 229], "summary": {"covered_lines": 10, "num_statements": 10, "percent_covered": 100.0, "percent_covered_display": "100", "missing_lines": 0, "excluded_lines": 0, "percent_statements_covered": 100.0, "percent_statements_covered_display": "100"}, "missing_lines": [], "excluded_lines": [], "start_line": 195}, "create_channel": {"executed_lines": [242, 243, 244, 249, 254, 255, 256, 258, 259], "summary": {"covered_lines": 9, "num_statements": 9, "percent_covered": 100.0, "percent_covered_display": "100", "missing_lines": 0, "excluded_lines": 0, "percent_statements_covered": 100.0, "percent_statements_covered_display": "100"}, "missing_lines": [], "excluded_lines": [], "start_line": 233}, "update_channel": {"executed_lines": [280, 281, 282, 287, 289, 293, 294, 298, 300, 301, 303, 304, 305, 307, 311, 312], "summary": {"covered_lines": 16, "num_statements": 16, "percent_covered": 100.0, "percent_covered_display": "100", "missing_lines": 0, "excluded_lines": 0, "percent_statements_covered": 100.0, "percent_statements_covered_display": "100"}, "missing_lines": [], "excluded_lines": [], "start_line": 271}, "delete_channel": {"executed_lines": [334, 335, 336, 341, 342, 343, 345, 346], "summary": {"covered_lines": 8, "num_statements": 8, "percent_covered": 100.0, "percent_covered_display": "100", "missing_lines": 0, "excluded_lines": 0, "percent_statements_covered": 100.0, "percent_statements_covered_display": "100"}, "missing_lines": [], "excluded_lines": [], "start_line": 324}, "assign_user_to_channel": {"executed_lines": [360, 361, 362, 368, 372, 373, 379, 383, 384, 389, 394, 395, 396, 398, 402], "summary": {"covered_lines": 15, "num_statements": 15, "percent_covered": 100.0, "percent_covered_display": "100", "missing_lines": 0, "excluded_lines": 0, "percent_statements_covered": 100.0, "percent_statements_covered_display": "100"}, "missing_lines": [], "excluded_lines": [], "start_line": 350}, "remove_user_from_channel": {"executed_lines": [420, 424, 425, 430, 431, 433, 437], "summary": {"covered_lines": 7, "num_statements": 7, "percent_covered": 100.0, "percent_covered_display": "100", "missing_lines": 0, "excluded_lines": 0, "percent_statements_covered": 100.0, "percent_statements_covered_display": "100"}, "missing_lines": [], "excluded_lines": [], "start_line": 411}, "get_channel_detail": {"executed_lines": [449, 450, 457, 461, 462, 468, 470], "summary": {"covered_lines": 7, "num_statements": 8, "percent_covered": 87.5, "percent_covered_display": "88", "missing_lines": 1, "excluded_lines": 0, "percent_statements_covered": 87.5, "percent_statements_covered_display": "88"}, "missing_lines": [451], "excluded_lines": [], "start_line": 441}, "list_all_audio": {"executed_lines": [496, 501, 502, 504, 505, 507, 510, 511, 514, 516, 530], "summary": {"covered_lines": 11, "num_statements": 11, "percent_covered": 100.0, "percent_covered_display": "100", "missing_lines": 0, "excluded_lines": 0, "percent_statements_covered": 100.0, "percent_statements_covered_display": "100"}, "missing_lines": [], "excluded_lines": [], "start_line": 487}, "assign_audio_to_channels": {"executed_lines": [548, 551, 552, 558, 559, 560, 561, 567, 572, 573, 578, 580, 582, 586], "summary": {"covered_lines": 14, "num_statements": 14, "percent_covered": 100.0, "percent_covered_display": "100", "missing_lines": 0, "excluded_lines": 0, "percent_statements_covered": 100.0, "percent_statements_covered_display": "100"}, "missing_lines": [], "excluded_lines": [], "start_line": 537}, "get_audio_channels": {"executed_lines": [602, 605, 612, 616, 617, 620], "summary": {"covered_lines": 6, "num_statements": 7, "percent_covered": 85.71428571428571, "percent_covered_display": "86", "missing_lines": 1, "excluded_lines": 0, "percent_statements_covered": 85.71428571428571, "percent_statements_covered_display": "86"}, "missing_lines": [606], "excluded_lines": [], "start_line": 593}, "": {"executed_lines": [8, 9, 10, 11, 12, 13, 15, 16, 17, 18, 19, 26, 28, 30, 37, 38, 63, 64, 90, 91, 138, 139, 194, 195, 232, 233, 270, 271, 323, 324, 349, 350, 410, 411, 440, 441, 486, 487, 536, 537, 592, 593], "summary": {"covered_lines": 42, "num_statements": 42, "percent_covered": 100.0, "percent_covered_display": "100", "missing_lines": 0, "excluded_lines": 0, "percent_statements_covered": 100.0, "percent_statements_covered_display": "100"}, "missing_lines": [], "excluded_lines": [], "start_line": 1}}, "classes": {"": {"executed_lines": [8, 9, 10, 11, 12, 13, 15, 16, 17, 18, 19, 26, 28, 30, 37, 38, 51, 54, 55, 56, 58, 60, 63, 64, 74, 75, 76, 81, 82, 83, 84, 86, 87, 90, 91, 102, 103, 108, 109, 116, 117, 121, 127, 128, 129, 131, 135, 138, 139, 150, 151, 156, 157, 158, 164, 165, 169, 176, 177, 178, 181, 184, 186, 187, 194, 195, 207, 210, 211, 212, 214, 215, 216, 217, 220, 229, 232, 233, 242, 243, 244, 249, 254, 255, 256, 258, 259, 270, 271, 280, 281, 282, 287, 289, 293, 294, 298, 300, 301, 303, 304, 305, 307, 311, 312, 323, 324, 334, 335, 336, 341, 342, 343, 345, 346, 349, 350, 360, 361, 362, 368, 372, 373, 379, 383, 384, 389, 394, 395, 396, 398, 402, 410, 411, 420, 424, 425, 430, 431, 433, 437, 440, 441, 449, 450, 457, 461, 462, 468, 470, 486, 487, 496, 501, 502, 504, 505, 507, 510, 511, 514, 516, 530, 536, 537, 548, 551, 552, 558, 559, 560, 561, 567, 572, 573, 578, 580, 582, 586, 592, 593, 602, 605, 612, 616, 617, 620], "summary": {"covered_lines": 187, "num_statements": 192, "percent_covered": 97.39583333333333, "percent_covered_display": "97", "missing_lines": 5, "excluded_lines": 0, "percent_statements_covered": 97.39583333333333, "percent_statements_covered_display": "97"}, "missing_lines": [110, 122, 170, 451, 606], "excluded_lines": [], "start_line": 1}}}, "app/api/audio.py": {"executed_lines": [6, 7, 8, 9, 10, 11, 12, 13, 14, 15, 16, 18, 20, 23, 24, 27, 33, 34, 35, 38, 39, 40, 45, 46, 47, 48, 49, 50, 53, 54, 66, 67, 69, 70, 76, 77, 78, 81, 86, 87, 88, 91, 92, 93, 95, 96, 97, 99, 100, 102, 103, 104, 105, 106, 107, 108, 110, 113, 114], "summary": {"covered_lines": 59, "num_statements": 62, "percent_covered": 95.16129032258064, "percent_covered_display": "95", "missing_lines": 3, "excluded_lines": 0, "percent_statements_covered": 95.16129032258064, "percent_statements_covered_display": "95"}, "missing_lines": [41, 42, 116], "excluded_lines": [], "functions": {"get_or_create_user": {"executed_lines": [33, 34, 35, 38, 39, 40, 45, 46, 47, 48, 49, 50], "summary": {"covered_lines": 12, "num_statements": 14, "percent_covered": 85.71428571428571, "percent_covered_display": "86", "missing_lines": 2, "excluded_lines": 0, "percent_statements_covered": 85.71428571428571, "percent_statements_covered_display": "86"}, "missing_lines": [41, 42], "excluded_lines": [], "start_line": 27}, "upload_audio": {"executed_lines": [66, 67, 69, 70, 76, 77, 78, 81, 86, 87, 88, 91, 92, 93, 95, 96, 97, 99, 100, 102, 103, 104, 105, 106, 107, 108, 110], "summary": {"covered_lines": 27, "num_statements": 27, "percent_covered": 100.0, "percent_covered_display": "100", "missing_lines": 0, "excluded_lines": 0, "percent_statements_covered": 100.0, "percent_statements_covered_display": "100"}, "missing_lines": [], "excluded_lines": [], "start_line": 54}, "get_audio_placeholder": {"executed_lines": [], "summary": {"covered_lines": 0, "num_statements": 1, "percent_covered": 0.0, "percent_covered_display": "0", "missing_lines": 1, "excluded_lines": 0, "percent_statements_covered": 0.0, "percent_statements_covered_display": "0"}, "missing_lines": [116], "excluded_lines": [], "start_line": 114}, "": {"executed_lines": [6, 7, 8, 9, 10, 11, 12, 13, 14, 15, 16, 18, 20, 23, 24, 27, 53, 54, 113, 114], "summary": {"covered_lines": 20, "num_statements": 20, "percent_covered": 100.0, "percent_covered_display": "100", "missing_lines": 0, "excluded_lines": 0, "percent_statements_covered": 100.0, "percent_statements_covered_display": "100"}, "missing_lines": [], "excluded_lines": [], "start_line": 1}}, "classes": {"": {"executed_lines": [6, 7, 8, 9, 10, 11, 12, 13, 14, 15, 16, 18, 20, 23, 24, 27, 33, 34, 35, 38, 39, 40, 45, 46, 47, 48, 49, 50, 53, 54, 66, 67, 69, 70, 76, 77, 78, 81, 86, 87, 88, 91, 92, 93, 95, 96, 97, 99, 100, 102, 103, 104, 105, 106, 107, 108, 110, 113, 114], "summary": {"covered_lines": 59, "num_statements": 62, "percent_covered": 95.16129032258064, "percent_covered_display": "95", "missing_lines": 3, "excluded_lines": 0, "percent_statements_covered": 95.16129032258064, "percent_statements_covered_display": "95"}, "missing_lines": [41, 42, 116], "excluded_lines": [], "start_line": 1}}}, "app/api/auth.py": {"executed_lines": [8, 9, 10, 12, 14, 17, 18, 25, 26, 27, 29, 30, 31], "summary": {"covered_lines": 13, "num_statements": 13, "percent_covered": 100.0, "percent_covered_display": "100", "missing_lines": 0, "excluded_lines": 0, "percent_statements_covered": 100.0, "percent_statements_covered_display": "100"}, "missing_lines": [], "excluded_lines": [], "functions": {"logout": {"executed_lines": [25, 26, 27, 29, 30, 31], "summary": {"covered_lines": 6, "num_statements": 6, "percent_covered": 100.0, "percent_covered_display": "100", "missing_lines": 0, "excluded_lines": 0, "percent_statements_covered": 100.0, "percent_statements_covered_display": "100"}, "missing_lines": [], "excluded_lines": [], "start_line": 18}, "": {"executed_lines": [8, 9, 10, 12, 14, 17, 18], "summary": {"covered_lines": 7, "num_statements": 7, "percent_covered": 100.0, "percent_covered_display": "100", "missing_lines": 0, "excluded_lines": 0, "percent_statements_covered": 100.0, "percent_statements_covered_display": "100"}, "missing_lines": [], "excluded_lines": [], "start_line": 1}}, "classes": {"": {"executed_lines": [8, 9, 10, 12, 14, 17, 18, 25, 26, 27, 29, 30, 31], "summary": {"covered_lines": 13, "num_statements": 13, "percent_covered": 100.0, "percent_covered_display": "100", "missing_lines": 0, "excluded_lines": 0, "percent_statements_covered": 100.0, "percent_statements_covered_display": "100"}, "missing_lines": [], "excluded_lines": [], "start_line": 1}}}, "app/api/deps.py": {"executed_lines": [7, 8, 9, 10, 11, 12, 15, 17, 18, 19, 21, 24, 41, 46, 48, 53, 54, 55, 57, 60, 75, 76, 80, 83, 98, 99, 107], "summary": {"covered_lines": 27, "num_statements": 27, "percent_covered": 100.0, "percent_covered_display": "100", "missing_lines": 0, "excluded_lines": 0, "percent_statements_covered": 100.0, "percent_statements_covered_display": "100"}, "missing_lines": [], "excluded_lines": [], "functions": {"get_db": {"executed_lines": [17, 18, 19, 21], "summary": {"covered_lines": 4, "num_statements": 4, "percent_covered": 100.0, "percent_covered_display": "100", "missing_lines": 0, "excluded_lines": 0, "percent_statements_covered": 100.0, "percent_statements_covered_display": "100"}, "missing_lines": [], "excluded_lines": [], "start_line": 15}, "get_current_db_user": {"executed_lines": [41, 46, 48, 53, 54, 55, 57], "summary": {"covered_lines": 7, "num_statements": 7, "percent_covered": 100.0, "percent_covered_display": "100", "missing_lines": 0, "excluded_lines": 0, "percent_statements_covered": 100.0, "percent_statements_covered_display": "100"}, "missing_lines": [], "excluded_lines": [], "start_line": 24}, "require_admin": {"executed_lines": [75, 76, 80], "summary": {"covered_lines": 3, "num_statements": 3, "percent_covered": 100.0, "percent_covered_display": "100", "missing_lines": 0, "excluded_lines": 0, "percent_statements_covered": 100.0, "percent_statements_covered_display": "100"}, "missing_lines": [], "excluded_lines": [], "start_line": 60}, "require_active": {"executed_lines": [98, 99, 107], "summary": {"covered_lines": 3, "num_statements": 3, "percent_covered": 100.0, "percent_covered_display": "100", "missing_lines": 0, "excluded_lines": 0, "percent_statements_covered": 100.0, "percent_statements_covered_display": "100"}, "missing_lines": [], "excluded_lines": [], "start_line": 83}, "": {"executed_lines": [7, 8, 9, 10, 11, 12, 15, 24, 60, 83], "summary": {"covered_lines": 10, "num_statements": 10, "percent_covered": 100.0, "percent_covered_display": "100", "missing_lines": 0, "excluded_lines": 0, "percent_statements_covered": 100.0, "percent_statements_covered_display": "100"}, "missing_lines": [], "excluded_lines": [], "start_line": 1}}, "classes": {"": {"executed_lines": [7, 8, 9, 10, 11, 12, 15, 17, 18, 19, 21, 24, 41, 46, 48, 53, 54, 55, 57, 60, 75, 76, 80, 83, 98, 99, 107], "summary": {"covered_lines": 27, "num_statements": 27, "percent_covered": 100.0, "percent_covered_display": "100", "missing_lines": 0, "excluded_lines": 0, "percent_statements_covered": 100.0, "percent_statements_covered_display": "100"}, "missing_lines": [], "excluded_lines": [], "start_line": 1}}}, "app/api/runner.py": {"executed_lines": [7, 8, 9, 10, 11, 12, 13, 15, 16, 17, 23, 24, 25, 28, 31, 33, 34, 35, 39, 42, 43, 62, 63, 69, 75, 76, 89, 90, 108, 109, 111, 112, 113, 114, 116, 117, 118, 120, 121, 126, 127, 128, 130, 131, 132, 135, 136, 160, 161, 162, 163, 165, 166, 167, 168, 170, 171, 172, 175, 176, 177, 178, 179, 185, 186, 187, 188, 193, 194, 195, 196, 199, 200, 201, 202, 203, 204, 205, 209, 210, 212, 219, 220, 238, 239, 240, 242, 243, 244, 245, 247, 248, 249, 251, 252, 253, 254, 256, 257, 259, 266, 267, 286, 287, 289, 290, 291, 292, 294, 295, 296, 299, 300, 305, 306, 308, 314, 315, 317, 324, 325, 344, 353], "summary": {"covered_lines": 123, "num_statements": 132, "percent_covered": 93.18181818181819, "percent_covered_display": "93", "missing_lines": 9, "excluded_lines": 0, "percent_statements_covered": 93.18181818181819, "percent_statements_covered_display": "93"}, "missing_lines": [64, 180, 181, 189, 190, 206, 207, 303, 309], "excluded_lines": [], "functions": {"verify_runner": {"executed_lines": [33, 34, 35, 39], "summary": {"covered_lines": 4, "num_statements": 4, "percent_covered": 100.0, "percent_covered_display": "100", "missing_lines": 0, "excluded_lines": 0, "percent_statements_covered": 100.0, "percent_statements_covered_display": "100"}, "missing_lines": [], "excluded_lines": [], "start_line": 31}, "get_pending_jobs": {"executed_lines": [62, 63, 69, 75, 76], "summary": {"covered_lines": 5, "num_statements": 6, "percent_covered": 83.33333333333333, "percent_covered_display": "83", "missing_lines": 1, "excluded_lines": 0, "percent_statements_covered": 83.33333333333333, "percent_statements_covered_display": "83"}, "missing_lines": [64], "excluded_lines": [], "start_line": 43}, "start_job": {"executed_lines": [108, 109, 111, 112, 113, 114, 116, 117, 118, 120, 121, 126, 127, 128, 130, 131, 132], "summary": {"covered_lines": 17, "num_statements": 17, "percent_covered": 100.0, "percent_covered_display": "100", "missing_lines": 0, "excluded_lines": 0, "percent_statements_covered": 100.0, "percent_statements_covered_display": "100"}, "missing_lines": [], "excluded_lines": [], "start_line": 90}, "complete_job": {"executed_lines": [160, 161, 162, 163, 165, 166, 167, 168, 170, 171, 172, 175, 176, 177, 178, 179, 185, 186, 187, 188, 193, 194, 195, 196, 199, 200, 201, 202, 203, 204, 205, 209, 210, 212], "summary": {"covered_lines": 34, "num_statements": 40, "percent_covered": 85.0, "percent_covered_display": "85", "missing_lines": 6, "excluded_lines": 0, "percent_statements_covered": 85.0, "percent_statements_covered_display": "85"}, "missing_lines": [180, 181, 189, 190, 206, 207], "excluded_lines": [], "start_line": 136}, "fail_job": {"executed_lines": [238, 239, 240, 242, 243, 244, 245, 247, 248, 249, 251, 252, 253, 254, 256, 257, 259], "summary": {"covered_lines": 17, "num_statements": 17, "percent_covered": 100.0, "percent_covered_display": "100", "missing_lines": 0, "excluded_lines": 0, "percent_statements_covered": 100.0, "percent_statements_covered_display": "100"}, "missing_lines": [], "excluded_lines": [], "start_line": 220}, "get_audio": {"executed_lines": [286, 287, 289, 290, 291, 292, 294, 295, 296, 299, 300, 305, 306, 308, 314, 315, 317], "summary": {"covered_lines": 17, "num_statements": 19, "percent_covered": 89.47368421052632, "percent_covered_display": "89", "missing_lines": 2, "excluded_lines": 0, "percent_statements_covered": 89.47368421052632, "percent_statements_covered_display": "89"}, "missing_lines": [303, 309], "excluded_lines": [], "start_line": 267}, "runner_heartbeat": {"executed_lines": [344, 353], "summary": {"covered_lines": 2, "num_statements": 2, "percent_covered": 100.0, "percent_covered_display": "100", "missing_lines": 0, "excluded_lines": 0, "percent_statements_covered": 100.0, "percent_statements_covered_display": "100"}, "missing_lines": [], "excluded_lines": [], "start_line": 325}, "": {"executed_lines": [7, 8, 9, 10, 11, 12, 13, 15, 16, 17, 23, 24, 25, 28, 31, 42, 43, 89, 90, 135, 136, 219, 220, 266, 267, 324, 325], "summary": {"covered_lines": 27, "num_statements": 27, "percent_covered": 100.0, "percent_covered_display": "100", "missing_lines": 0, "excluded_lines": 0, "percent_statements_covered": 100.0, "percent_statements_covered_display": "100"}, "missing_lines": [], "excluded_lines": [], "start_line": 1}}, "classes": {"": {"executed_lines": [7, 8, 9, 10, 11, 12, 13, 15, 16, 17, 23, 24, 25, 28, 31, 33, 34, 35, 39, 42, 43, 62, 63, 69, 75, 76, 89, 90, 108, 109, 111, 112, 113, 114, 116, 117, 118, 120, 121, 126, 127, 128, 130, 131, 132, 135, 136, 160, 161, 162, 163, 165, 166, 167, 168, 170, 171, 172, 175, 176, 177, 178, 179, 185, 186, 187, 188, 193, 194, 195, 196, 199, 200, 201, 202, 203, 204, 205, 209, 210, 212, 219, 220, 238, 239, 240, 242, 243, 244, 245, 247, 248, 249, 251, 252, 253, 254, 256, 257, 259, 266, 267, 286, 287, 289, 290, 291, 292, 294, 295, 296, 299, 300, 305, 306, 308, 314, 315, 317, 324, 325, 344, 353], "summary": {"covered_lines": 123, "num_statements": 132, "percent_covered": 93.18181818181819, "percent_covered_display": "93", "missing_lines": 9, "excluded_lines": 0, "percent_statements_covered": 93.18181818181819, "percent_statements_covered_display": "93"}, "missing_lines": [64, 180, 181, 189, 190, 206, 207, 303, 309], "excluded_lines": [], "start_line": 1}}}, "app/api/shared.py": {"executed_lines": [7, 8, 9, 10, 11, 12, 13, 14, 16, 18, 21, 22, 30, 34, 35, 38, 39, 42, 43, 46, 50, 54, 55, 56, 58], "summary": {"covered_lines": 25, "num_statements": 26, "percent_covered": 96.15384615384616, "percent_covered_display": "96", "missing_lines": 1, "excluded_lines": 0, "percent_statements_covered": 96.15384615384616, "percent_statements_covered_display": "96"}, "missing_lines": [51], "excluded_lines": [], "functions": {"get_shared_transcription": {"executed_lines": [30, 34, 35, 38, 39, 42, 43, 46, 50, 54, 55, 56, 58], "summary": {"covered_lines": 13, "num_statements": 14, "percent_covered": 92.85714285714286, "percent_covered_display": "93", "missing_lines": 1, "excluded_lines": 0, "percent_statements_covered": 92.85714285714286, "percent_statements_covered_display": "93"}, "missing_lines": [51], "excluded_lines": [], "start_line": 22}, "": {"executed_lines": [7, 8, 9, 10, 11, 12, 13, 14, 16, 18, 21, 22], "summary": {"covered_lines": 12, "num_statements": 12, "percent_covered": 100.0, "percent_covered_display": "100", "missing_lines": 0, "excluded_lines": 0, "percent_statements_covered": 100.0, "percent_statements_covered_display": "100"}, "missing_lines": [], "excluded_lines": [], "start_line": 1}}, "classes": {"": {"executed_lines": [7, 8, 9, 10, 11, 12, 13, 14, 16, 18, 21, 22, 30, 34, 35, 38, 39, 42, 43, 46, 50, 54, 55, 56, 58], "summary": {"covered_lines": 25, "num_statements": 26, "percent_covered": 96.15384615384616, "percent_covered_display": "96", "missing_lines": 1, "excluded_lines": 0, "percent_statements_covered": 96.15384615384616, "percent_statements_covered_display": "96"}, "missing_lines": [51], "excluded_lines": [], "start_line": 1}}}, "app/api/transcriptions.py": {"executed_lines": [1, 2, 3, 4, 5, 6, 7, 8, 9, 10, 11, 12, 13, 14, 15, 16, 17, 18, 19, 20, 21, 22, 23, 25, 26, 27, 29, 31, 38, 50, 51, 52, 53, 55, 56, 57, 58, 65, 66, 81, 82, 86, 87, 90, 93, 96, 99, 102, 110, 112, 116, 117, 126, 127, 130, 133, 134, 137, 139, 148, 149, 158, 159, 160, 161, 162, 167, 168, 170, 173, 174, 183, 184, 191, 193, 196, 200, 201, 203, 204, 206, 207, 210, 217, 218, 219, 222, 234, 237, 238, 239, 242, 243, 248, 249, 251, 252, 254, 260, 261, 271, 272, 275, 280, 281, 285, 286, 293, 294, 296, 318, 319, 320, 321, 324, 325, 326, 327, 328, 329, 330, 331, 332, 337, 338, 339, 342, 343, 344, 345, 350, 351, 360, 361, 362, 363, 366, 367, 389, 390, 393, 398, 399, 402, 429, 430, 432, 433, 436, 464, 467, 468, 470, 472, 481, 482, 500, 501, 502, 503, 504, 509, 510, 513, 514, 516, 517, 518, 520, 521, 522, 523, 524, 525, 526, 529, 530, 533, 536, 537, 538, 541, 542, 544, 545, 548, 549, 550, 551, 552, 555, 556, 557, 558, 559, 561, 564, 567, 568, 569, 570, 571, 573, 576, 579, 583, 584, 587, 588, 589, 592, 595, 596, 598, 599, 600, 601, 602, 603, 606, 609, 610, 613, 622, 624, 630, 631, 635, 636, 637, 640, 641, 662, 663, 664, 665, 667, 672, 673, 676, 677, 679, 680, 685, 687, 690, 691, 693, 694, 696, 698, 706, 707, 708, 709, 710, 715, 716, 724, 725, 726, 727, 730, 735, 736, 739, 743, 746, 747, 756, 758, 759, 760, 761, 762, 765, 770, 771, 772, 774, 775, 776, 777, 779, 782, 788, 789, 790, 791, 794, 798, 802, 805, 806, 809, 810, 811, 813, 814, 815, 821, 822, 824, 825, 826, 829, 835, 836, 837, 838, 840, 843, 844, 855, 857, 858, 859, 860, 861, 864, 869, 870, 871, 873, 874, 875, 876, 878, 881, 887, 888, 889, 890, 893, 897, 901, 904, 905, 907, 909, 911, 912, 914, 915, 918, 924, 928, 929, 930, 931, 932, 933, 934, 935, 940, 941, 947, 948, 949, 967, 980, 983, 984, 985, 988, 989, 997, 998, 999, 1000, 1003, 1008, 1009, 1012, 1016, 1018, 1019, 1020, 1021, 1024, 1025, 1029, 1030, 1031, 1034, 1035, 1036, 1037, 1044, 1045, 1056, 1057, 1058, 1059, 1061, 1065, 1066, 1072, 1073, 1079, 1080, 1081, 1082, 1088, 1093, 1094, 1099, 1101, 1103, 1107, 1113, 1114, 1125, 1126, 1127, 1128, 1130, 1134, 1135, 1141, 1143, 1150, 1151, 1157, 1161, 1162, 1165], "summary": {"covered_lines": 427, "num_statements": 524, "percent_covered": 81.4885496183206, "percent_covered_display": "81", "missing_lines": 97, "excluded_lines": 0, "percent_statements_covered": 81.4885496183206, "percent_statements_covered_display": "81"}, "missing_lines": [122, 190, 211, 212, 213, 214, 223, 224, 225, 226, 227, 228, 229, 230, 231, 232, 235, 240, 244, 245, 246, 273, 274, 292, 297, 300, 301, 302, 303, 306, 307, 308, 311, 312, 315, 333, 334, 346, 347, 352, 353, 355, 356, 358, 391, 392, 403, 404, 406, 407, 408, 411, 412, 414, 416, 417, 419, 420, 437, 438, 441, 442, 443, 445, 446, 447, 448, 449, 450, 451, 452, 455, 456, 459, 460, 462, 562, 563, 574, 575, 580, 590, 614, 615, 616, 617, 618, 619, 936, 937, 951, 952, 954, 955, 958, 964, 965], "excluded_lines": [], "functions": {"_format_fake_srt": {"executed_lines": [50, 51, 52, 53, 55, 56, 57, 58], "summary": {"covered_lines": 8, "num_statements": 8, "percent_covered": 100.0, "percent_covered_display": "100", "missing_lines": 0, "excluded_lines": 0, "percent_statements_covered": 100.0, "percent_statements_covered_display": "100"}, "missing_lines": [], "excluded_lines": [], "start_line": 38}, "list_transcriptions": {"executed_lines": [81, 82, 86, 87, 90, 93, 96, 99, 102, 110, 112, 116, 117, 126, 127, 130, 133, 134, 137, 139], "summary": {"covered_lines": 20, "num_statements": 21, "percent_covered": 95.23809523809524, "percent_covered_display": "95", "missing_lines": 1, "excluded_lines": 0, "percent_statements_covered": 95.23809523809524, "percent_statements_covered_display": "95"}, "missing_lines": [122], "excluded_lines": [], "start_line": 66}, "get_transcription": {"executed_lines": [158, 159, 160, 161, 162, 167, 168, 170], "summary": {"covered_lines": 8, "num_statements": 8, "percent_covered": 100.0, "percent_covered_display": "100", "missing_lines": 0, "excluded_lines": 0, "percent_statements_covered": 100.0, "percent_statements_covered_display": "100"}, "missing_lines": [], "excluded_lines": [], "start_line": 149}, "delete_all_transcriptions": {"executed_lines": [183, 184, 191, 193, 196, 200, 201, 203, 204, 206, 207, 210, 217, 218, 219, 222, 234, 237, 238, 239, 242, 243, 248, 249, 251, 252, 254], "summary": {"covered_lines": 27, "num_statements": 47, "percent_covered": 57.4468085106383, "percent_covered_display": "57", "missing_lines": 20, "excluded_lines": 0, "percent_statements_covered": 57.4468085106383, "percent_statements_covered_display": "57"}, "missing_lines": [190, 211, 212, 213, 214, 223, 224, 225, 226, 227, 228, 229, 230, 231, 232, 235, 240, 244, 245, 246], "excluded_lines": [], "start_line": 174}, "delete_transcription": {"executed_lines": [271, 272, 275, 280, 281, 285, 286, 293, 294, 296, 318, 319, 320, 321, 324, 325, 326, 327, 328, 329, 330, 331, 332, 337, 338, 339, 342, 343, 344, 345, 350, 351, 360, 361, 362, 363], "summary": {"covered_lines": 36, "num_statements": 59, "percent_covered": 61.016949152542374, "percent_covered_display": "61", "missing_lines": 23, "excluded_lines": 0, "percent_statements_covered": 61.016949152542374, "percent_statements_covered_display": "61"}, "missing_lines": [273, 274, 292, 297, 300, 301, 302, 303, 306, 307, 308, 311, 312, 315, 333, 334, 346, 347, 352, 353, 355, 356, 358], "excluded_lines": [], "start_line": 261}, "download_transcription": {"executed_lines": [389, 390, 393, 398, 399, 402, 429, 430, 432, 433, 436, 464, 467, 468, 470, 472], "summary": {"covered_lines": 16, "num_statements": 48, "percent_covered": 33.333333333333336, "percent_covered_display": "33", "missing_lines": 32, "excluded_lines": 0, "percent_statements_covered": 33.333333333333336, "percent_statements_covered_display": "33"}, "missing_lines": [391, 392, 403, 404, 406, 407, 408, 411, 412, 414, 416, 417, 419, 420, 437, 438, 441, 442, 443, 445, 446, 447, 448, 449, 450, 451, 452, 455, 456, 459, 460, 462], "excluded_lines": [], "start_line": 367}, "download_summary_docx": {"executed_lines": [500, 501, 502, 503, 504, 509, 510, 513, 514, 516, 517, 518, 520, 521, 522, 523, 524, 525, 526, 529, 530, 533, 536, 537, 538, 541, 542, 544, 545, 548, 549, 550, 551, 552, 555, 556, 557, 558, 559, 561, 564, 567, 568, 569, 570, 571, 573, 576, 579, 583, 584, 587, 588, 589, 592, 595, 596, 598, 599, 600, 601, 602, 603, 606, 609, 610, 613, 622, 624, 630, 631, 635, 636, 637], "summary": {"covered_lines": 74, "num_statements": 80, "percent_covered": 92.5, "percent_covered_display": "92", "missing_lines": 6, "excluded_lines": 0, "percent_statements_covered": 92.5, "percent_statements_covered_display": "92"}, "missing_lines": [562, 563, 574, 575, 580, 590], "excluded_lines": [], "start_line": 482}, "download_summary_docx.cleanup_temp_files": {"executed_lines": [], "summary": {"covered_lines": 0, "num_statements": 6, "percent_covered": 0.0, "percent_covered_display": "0", "missing_lines": 6, "excluded_lines": 0, "percent_statements_covered": 0.0, "percent_statements_covered_display": "0"}, "missing_lines": [614, 615, 616, 617, 618, 619], "excluded_lines": [], "start_line": 613}, "download_notebooklm_guideline": {"executed_lines": [662, 663, 664, 665, 667, 672, 673, 676, 677, 679, 680, 685, 687, 690, 691, 693, 694, 696, 698, 706, 707, 708, 709, 710], "summary": {"covered_lines": 24, "num_statements": 24, "percent_covered": 100.0, "percent_covered_display": "100", "missing_lines": 0, "excluded_lines": 0, "percent_statements_covered": 100.0, "percent_statements_covered_display": "100"}, "missing_lines": [], "excluded_lines": [], "start_line": 641}, "get_chat_history": {"executed_lines": [724, 725, 726, 727, 730, 735, 736, 739, 743], "summary": {"covered_lines": 9, "num_statements": 9, "percent_covered": 100.0, "percent_covered_display": "100", "missing_lines": 0, "excluded_lines": 0, "percent_statements_covered": 100.0, "percent_statements_covered_display": "100"}, "missing_lines": [], "excluded_lines": [], "start_line": 716}, "send_chat_message": {"executed_lines": [756, 758, 759, 760, 761, 762, 765, 770, 771, 772, 774, 775, 776, 777, 779, 782, 788, 789, 790, 791, 794, 798, 802, 805, 806, 809, 810, 811, 813, 814, 815, 821, 822, 824, 825, 826, 829, 835, 836, 837, 838, 840], "summary": {"covered_lines": 42, "num_statements": 42, "percent_covered": 100.0, "percent_covered_display": "100", "missing_lines": 0, "excluded_lines": 0, "percent_statements_covered": 100.0, "percent_statements_covered_display": "100"}, "missing_lines": [], "excluded_lines": [], "start_line": 747}, "send_chat_message_stream": {"executed_lines": [855, 857, 858, 859, 860, 861, 864, 869, 870, 871, 873, 874, 875, 876, 878, 881, 887, 888, 889, 890, 893, 897, 901, 904, 905, 907, 967], "summary": {"covered_lines": 27, "num_statements": 27, "percent_covered": 100.0, "percent_covered_display": "100", "missing_lines": 0, "excluded_lines": 0, "percent_statements_covered": 100.0, "percent_statements_covered_display": "100"}, "missing_lines": [], "excluded_lines": [], "start_line": 844}, "send_chat_message_stream.stream_generator": {"executed_lines": [909, 911, 912, 914, 915, 918, 924, 928, 929, 930, 931, 932, 933, 934, 935, 940, 941, 947, 948, 949], "summary": {"covered_lines": 20, "num_statements": 29, "percent_covered": 68.96551724137932, "percent_covered_display": "69", "missing_lines": 9, "excluded_lines": 0, "percent_statements_covered": 68.96551724137932, "percent_statements_covered_display": "69"}, "missing_lines": [936, 937, 951, 952, 954, 955, 958, 964, 965], "excluded_lines": [], "start_line": 907}, "_generate_share_token": {"executed_lines": [983, 984, 985], "summary": {"covered_lines": 3, "num_statements": 3, "percent_covered": 100.0, "percent_covered_display": "100", "missing_lines": 0, "excluded_lines": 0, "percent_statements_covered": 100.0, "percent_statements_covered_display": "100"}, "missing_lines": [], "excluded_lines": [], "start_line": 980}, "create_share_link": {"executed_lines": [997, 998, 999, 1000, 1003, 1008, 1009, 1012, 1016, 1018, 1019, 1020, 1021, 1024, 1025, 1029, 1030, 1031, 1034, 1035, 1036, 1037], "summary": {"covered_lines": 22, "num_statements": 22, "percent_covered": 100.0, "percent_covered_display": "100", "missing_lines": 0, "excluded_lines": 0, "percent_statements_covered": 100.0, "percent_statements_covered_display": "100"}, "missing_lines": [], "excluded_lines": [], "start_line": 989}, "assign_transcription_to_channels": {"executed_lines": [1056, 1057, 1058, 1059, 1061, 1065, 1066, 1072, 1073, 1079, 1080, 1081, 1082, 1088, 1093, 1094, 1099, 1101, 1103, 1107], "summary": {"covered_lines": 20, "num_statements": 20, "percent_covered": 100.0, "percent_covered_display": "100", "missing_lines": 0, "excluded_lines": 0, "percent_statements_covered": 100.0, "percent_statements_covered_display": "100"}, "missing_lines": [], "excluded_lines": [], "start_line": 1045}, "get_transcription_channels": {"executed_lines": [1125, 1126, 1127, 1128, 1130, 1134, 1135, 1141, 1143, 1150, 1151, 1157, 1161, 1162, 1165], "summary": {"covered_lines": 15, "num_statements": 15, "percent_covered": 100.0, "percent_covered_display": "100", "missing_lines": 0, "excluded_lines": 0, "percent_statements_covered": 100.0, "percent_statements_covered_display": "100"}, "missing_lines": [], "excluded_lines": [], "start_line": 1114}, "": {"executed_lines": [1, 2, 3, 4, 5, 6, 7, 8, 9, 10, 11, 12, 13, 14, 15, 16, 17, 18, 19, 20, 21, 22, 23, 25, 26, 27, 29, 31, 38, 65, 66, 148, 149, 173, 174, 260, 261, 366, 367, 481, 482, 640, 641, 715, 716, 746, 747, 843, 844, 980, 988, 989, 1044, 1045, 1113, 1114], "summary": {"covered_lines": 56, "num_statements": 56, "percent_covered": 100.0, "percent_covered_display": "100", "missing_lines": 0, "excluded_lines": 0, "percent_statements_covered": 100.0, "percent_statements_covered_display": "100"}, "missing_lines": [], "excluded_lines": [], "start_line": 1}}, "classes": {"": {"executed_lines": [1, 2, 3, 4, 5, 6, 7, 8, 9, 10, 11, 12, 13, 14, 15, 16, 17, 18, 19, 20, 21, 22, 23, 25, 26, 27, 29, 31, 38, 50, 51, 52, 53, 55, 56, 57, 58, 65, 66, 81, 82, 86, 87, 90, 93, 96, 99, 102, 110, 112, 116, 117, 126, 127, 130, 133, 134, 137, 139, 148, 149, 158, 159, 160, 161, 162, 167, 168, 170, 173, 174, 183, 184, 191, 193, 196, 200, 201, 203, 204, 206, 207, 210, 217, 218, 219, 222, 234, 237, 238, 239, 242, 243, 248, 249, 251, 252, 254, 260, 261, 271, 272, 275, 280, 281, 285, 286, 293, 294, 296, 318, 319, 320, 321, 324, 325, 326, 327, 328, 329, 330, 331, 332, 337, 338, 339, 342, 343, 344, 345, 350, 351, 360, 361, 362, 363, 366, 367, 389, 390, 393, 398, 399, 402, 429, 430, 432, 433, 436, 464, 467, 468, 470, 472, 481, 482, 500, 501, 502, 503, 504, 509, 510, 513, 514, 516, 517, 518, 520, 521, 522, 523, 524, 525, 526, 529, 530, 533, 536, 537, 538, 541, 542, 544, 545, 548, 549, 550, 551, 552, 555, 556, 557, 558, 559, 561, 564, 567, 568, 569, 570, 571, 573, 576, 579, 583, 584, 587, 588, 589, 592, 595, 596, 598, 599, 600, 601, 602, 603, 606, 609, 610, 613, 622, 624, 630, 631, 635, 636, 637, 640, 641, 662, 663, 664, 665, 667, 672, 673, 676, 677, 679, 680, 685, 687, 690, 691, 693, 694, 696, 698, 706, 707, 708, 709, 710, 715, 716, 724, 725, 726, 727, 730, 735, 736, 739, 743, 746, 747, 756, 758, 759, 760, 761, 762, 765, 770, 771, 772, 774, 775, 776, 777, 779, 782, 788, 789, 790, 791, 794, 798, 802, 805, 806, 809, 810, 811, 813, 814, 815, 821, 822, 824, 825, 826, 829, 835, 836, 837, 838, 840, 843, 844, 855, 857, 858, 859, 860, 861, 864, 869, 870, 871, 873, 874, 875, 876, 878, 881, 887, 888, 889, 890, 893, 897, 901, 904, 905, 907, 909, 911, 912, 914, 915, 918, 924, 928, 929, 930, 931, 932, 933, 934, 935, 940, 941, 947, 948, 949, 967, 980, 983, 984, 985, 988, 989, 997, 998, 999, 1000, 1003, 1008, 1009, 1012, 1016, 1018, 1019, 1020, 1021, 1024, 1025, 1029, 1030, 1031, 1034, 1035, 1036, 1037, 1044, 1045, 1056, 1057, 1058, 1059, 1061, 1065, 1066, 1072, 1073, 1079, 1080, 1081, 1082, 1088, 1093, 1094, 1099, 1101, 1103, 1107, 1113, 1114, 1125, 1126, 1127, 1128, 1130, 1134, 1135, 1141, 1143, 1150, 1151, 1157, 1161, 1162, 1165], "summary": {"covered_lines": 427, "num_statements": 524, "percent_covered": 81.4885496183206, "percent_covered_display": "81", "missing_lines": 97, "excluded_lines": 0, "percent_statements_covered": 81.4885496183206, "percent_statements_covered_display": "81"}, "missing_lines": [122, 190, 211, 212, 213, 214, 223, 224, 225, 226, 227, 228, 229, 230, 231, 232, 235, 240, 244, 245, 246, 273, 274, 292, 297, 300, 301, 302, 303, 306, 307, 308, 311, 312, 315, 333, 334, 346, 347, 352, 353, 355, 356, 358, 391, 392, 403, 404, 406, 407, 408, 411, 412, 414, 416, 417, 419, 420, 437, 438, 441, 442, 443, 445, 446, 447, 448, 449, 450, 451, 452, 455, 456, 459, 460, 462, 562, 563, 574, 575, 580, 590, 614, 615, 616, 617, 618, 619, 936, 937, 951, 952, 954, 955, 958, 964, 965], "excluded_lines": [], "start_line": 1}}}, "app/api/users.py": {"executed_lines": [5, 6, 7, 8, 9, 10, 12, 14, 17, 18, 27, 37, 38, 50], "summary": {"covered_lines": 14, "num_statements": 14, "percent_covered": 100.0, "percent_covered_display": "100", "missing_lines": 0, "excluded_lines": 0, "percent_statements_covered": 100.0, "percent_statements_covered_display": "100"}, "missing_lines": [], "excluded_lines": [], "functions": {"get_me": {"executed_lines": [27], "summary": {"covered_lines": 1, "num_statements": 1, "percent_covered": 100.0, "percent_covered_display": "100", "missing_lines": 0, "excluded_lines": 0, "percent_statements_covered": 100.0, "percent_statements_covered_display": "100"}, "missing_lines": [], "excluded_lines": [], "start_line": 18}, "update_me": {"executed_lines": [50], "summary": {"covered_lines": 1, "num_statements": 1, "percent_covered": 100.0, "percent_covered_display": "100", "missing_lines": 0, "excluded_lines": 0, "percent_statements_covered": 100.0, "percent_statements_covered_display": "100"}, "missing_lines": [], "excluded_lines": [], "start_line": 38}, "": {"executed_lines": [5, 6, 7, 8, 9, 10, 12, 14, 17, 18, 37, 38], "summary": {"covered_lines": 12, "num_statements": 12, "percent_covered": 100.0, "percent_covered_display": "100", "missing_lines": 0, "excluded_lines": 0, "percent_statements_covered": 100.0, "percent_statements_covered_display": "100"}, "missing_lines": [], "excluded_lines": [], "start_line": 1}}, "classes": {"": {"executed_lines": [5, 6, 7, 8, 9, 10, 12, 14, 17, 18, 27, 37, 38, 50], "summary": {"covered_lines": 14, "num_statements": 14, "percent_covered": 100.0, "percent_covered_display": "100", "missing_lines": 0, "excluded_lines": 0, "percent_statements_covered": 100.0, "percent_statements_covered_display": "100"}, "missing_lines": [], "excluded_lines": [], "start_line": 1}}}, "app/core/config.py": {"executed_lines": [7, 8, 11, 15, 18, 19, 20, 23, 26, 27, 28, 31, 32, 35, 36, 38, 39, 40, 43], "summary": {"covered_lines": 19, "num_statements": 19, "percent_covered": 100.0, "percent_covered_display": "100", "missing_lines": 0, "excluded_lines": 0, "percent_statements_covered": 100.0, "percent_statements_covered_display": "100"}, "missing_lines": [], "excluded_lines": [], "functions": {"": {"executed_lines": [7, 8, 11, 15, 18, 19, 20, 23, 26, 27, 28, 31, 32, 35, 36, 38, 39, 40, 43], "summary": {"covered_lines": 19, "num_statements": 19, "percent_covered": 100.0, "percent_covered_display": "100", "missing_lines": 0, "excluded_lines": 0, "percent_statements_covered": 100.0, "percent_statements_covered_display": "100"}, "missing_lines": [], "excluded_lines": [], "start_line": 1}}, "classes": {"Settings": {"executed_lines": [], "summary": {"covered_lines": 0, "num_statements": 0, "percent_covered": 100.0, "percent_covered_display": "100", "missing_lines": 0, "excluded_lines": 0, "percent_statements_covered": 100.0, "percent_statements_covered_display": "100"}, "missing_lines": [], "excluded_lines": [], "start_line": 11}, "Settings.Config": {"executed_lines": [], "summary": {"covered_lines": 0, "num_statements": 0, "percent_covered": 100.0, "percent_covered_display": "100", "missing_lines": 0, "excluded_lines": 0, "percent_statements_covered": 100.0, "percent_statements_covered_display": "100"}, "missing_lines": [], "excluded_lines": [], "start_line": 38}, "": {"executed_lines": [7, 8, 11, 15, 18, 19, 20, 23, 26, 27, 28, 31, 32, 35, 36, 38, 39, 40, 43], "summary": {"covered_lines": 19, "num_statements": 19, "percent_covered": 100.0, "percent_covered_display": "100", "missing_lines": 0, "excluded_lines": 0, "percent_statements_covered": 100.0, "percent_statements_covered_display": "100"}, "missing_lines": [], "excluded_lines": [], "start_line": 1}}}, "app/core/glm.py": {"executed_lines": [7, 8, 9, 10, 12, 15, 18, 34, 35, 37, 38, 40, 41, 44, 49, 51, 71, 72, 74, 76, 78, 80, 82, 92, 95, 98, 99, 100, 102, 104, 122, 123, 124, 126, 138, 155, 157, 158, 159, 161, 163, 165, 170, 171, 172, 173, 179, 188, 193, 196, 203, 204, 206, 209, 210, 211, 213, 221, 222, 223, 224, 226, 247, 248, 249, 251, 252, 254, 256, 258, 263, 264, 265, 266, 272, 281, 286, 290, 337, 338, 339, 340, 342, 344, 351, 352, 368, 369, 386, 402, 404, 405, 557, 569, 581, 584, 592, 593, 594, 595, 596, 597], "summary": {"covered_lines": 102, "num_statements": 128, "percent_covered": 79.6875, "percent_covered_display": "80", "missing_lines": 26, "excluded_lines": 0, "percent_statements_covered": 79.6875, "percent_statements_covered_display": "80"}, "missing_lines": [291, 306, 307, 309, 310, 311, 313, 314, 316, 318, 319, 320, 321, 323, 324, 325, 326, 327, 328, 329, 330, 332, 333, 335, 558, 603], "excluded_lines": [], "functions": {"GLMClient.__init__": {"executed_lines": [34, 35, 37, 38, 40, 41, 44, 49], "summary": {"covered_lines": 8, "num_statements": 8, "percent_covered": 100.0, "percent_covered_display": "100", "missing_lines": 0, "excluded_lines": 0, "percent_statements_covered": 100.0, "percent_statements_covered_display": "100"}, "missing_lines": [], "excluded_lines": [], "start_line": 18}, "GLMClient.generate_summary": {"executed_lines": [71, 72, 74, 76, 78, 80, 82, 92, 95, 98, 99, 100, 102, 104, 122, 123, 124, 126], "summary": {"covered_lines": 18, "num_statements": 18, "percent_covered": 100.0, "percent_covered_display": "100", "missing_lines": 0, "excluded_lines": 0, "percent_statements_covered": 100.0, "percent_statements_covered_display": "100"}, "missing_lines": [], "excluded_lines": [], "start_line": 51}, "GLMClient.chat": {"executed_lines": [155, 157, 158, 159, 161, 163, 165, 170, 171, 172, 173, 179, 188, 193, 196, 203, 204, 206, 209, 210, 211, 213, 221, 222, 223, 224], "summary": {"covered_lines": 26, "num_statements": 26, "percent_covered": 100.0, "percent_covered_display": "100", "missing_lines": 0, "excluded_lines": 0, "percent_statements_covered": 100.0, "percent_statements_covered_display": "100"}, "missing_lines": [], "excluded_lines": [], "start_line": 138}, "GLMClient.chat_stream": {"executed_lines": [247, 248, 249, 251, 252, 254, 256, 258, 263, 264, 265, 266, 272, 281, 286, 290, 337, 338, 339, 340, 342], "summary": {"covered_lines": 21, "num_statements": 45, "percent_covered": 46.666666666666664, "percent_covered_display": "47", "missing_lines": 24, "excluded_lines": 0, "percent_statements_covered": 46.666666666666664, "percent_statements_covered_display": "47"}, "missing_lines": [291, 306, 307, 309, 310, 311, 313, 314, 316, 318, 319, 320, 321, 323, 324, 325, 326, 327, 328, 329, 330, 332, 333, 335], "excluded_lines": [], "start_line": 226}, "GLMClient._get_system_prompt_by_language": {"executed_lines": [351, 352, 368, 369, 386], "summary": {"covered_lines": 5, "num_statements": 5, "percent_covered": 100.0, "percent_covered_display": "100", "missing_lines": 0, "excluded_lines": 0, "percent_statements_covered": 100.0, "percent_statements_covered_display": "100"}, "missing_lines": [], "excluded_lines": [], "start_line": 344}, "GLMClient._get_chat_system_prompt": {"executed_lines": [404, 405, 557, 569], "summary": {"covered_lines": 4, "num_statements": 5, "percent_covered": 80.0, "percent_covered_display": "80", "missing_lines": 1, "excluded_lines": 0, "percent_statements_covered": 80.0, "percent_statements_covered_display": "80"}, "missing_lines": [558], "excluded_lines": [], "start_line": 402}, "get_glm_client": {"executed_lines": [592, 593, 594, 595, 596, 597], "summary": {"covered_lines": 6, "num_statements": 7, "percent_covered": 85.71428571428571, "percent_covered_display": "86", "missing_lines": 1, "excluded_lines": 0, "percent_statements_covered": 85.71428571428571, "percent_statements_covered_display": "86"}, "missing_lines": [603], "excluded_lines": [], "start_line": 584}, "": {"executed_lines": [7, 8, 9, 10, 12, 15, 18, 51, 138, 226, 344, 402, 581, 584], "summary": {"covered_lines": 14, "num_statements": 14, "percent_covered": 100.0, "percent_covered_display": "100", "missing_lines": 0, "excluded_lines": 0, "percent_statements_covered": 100.0, "percent_statements_covered_display": "100"}, "missing_lines": [], "excluded_lines": [], "start_line": 1}}, "classes": {"GLMClient": {"executed_lines": [34, 35, 37, 38, 40, 41, 44, 49, 71, 72, 74, 76, 78, 80, 82, 92, 95, 98, 99, 100, 102, 104, 122, 123, 124, 126, 155, 157, 158, 159, 161, 163, 165, 170, 171, 172, 173, 179, 188, 193, 196, 203, 204, 206, 209, 210, 211, 213, 221, 222, 223, 224, 247, 248, 249, 251, 252, 254, 256, 258, 263, 264, 265, 266, 272, 281, 286, 290, 337, 338, 339, 340, 342, 351, 352, 368, 369, 386, 404, 405, 557, 569], "summary": {"covered_lines": 82, "num_statements": 107, "percent_covered": 76.6355140186916, "percent_covered_display": "77", "missing_lines": 25, "excluded_lines": 0, "percent_statements_covered": 76.6355140186916, "percent_statements_covered_display": "77"}, "missing_lines": [291, 306, 307, 309, 310, 311, 313, 314, 316, 318, 319, 320, 321, 323, 324, 325, 326, 327, 328, 329, 330, 332, 333, 335, 558], "excluded_lines": [], "start_line": 15}, "": {"executed_lines": [7, 8, 9, 10, 12, 15, 18, 51, 138, 226, 344, 402, 581, 584, 592, 593, 594, 595, 596, 597], "summary": {"covered_lines": 20, "num_statements": 21, "percent_covered": 95.23809523809524, "percent_covered_display": "95", "missing_lines": 1, "excluded_lines": 0, "percent_statements_covered": 95.23809523809524, "percent_statements_covered_display": "95"}, "missing_lines": [603], "excluded_lines": [], "start_line": 1}}}, "app/core/supabase.py": {"executed_lines": [7, 8, 9, 10, 11, 12, 13, 14, 16, 19, 25, 31, 34, 50, 51, 64, 65, 70, 71, 74, 76, 83, 95, 96, 97, 103, 119, 120, 125, 128, 138, 139, 140, 142, 143, 144], "summary": {"covered_lines": 36, "num_statements": 37, "percent_covered": 97.29729729729729, "percent_covered_display": "97", "missing_lines": 1, "excluded_lines": 0, "percent_statements_covered": 97.29729729729729, "percent_statements_covered_display": "97"}, "missing_lines": [77], "excluded_lines": [], "functions": {"get_current_user": {"executed_lines": [50, 51, 64, 65, 70, 71, 74, 76, 83, 95, 96, 97], "summary": {"covered_lines": 12, "num_statements": 13, "percent_covered": 92.3076923076923, "percent_covered_display": "92", "missing_lines": 1, "excluded_lines": 0, "percent_statements_covered": 92.3076923076923, "percent_statements_covered_display": "92"}, "missing_lines": [77], "excluded_lines": [], "start_line": 34}, "get_current_active_user": {"executed_lines": [119, 120, 125], "summary": {"covered_lines": 3, "num_statements": 3, "percent_covered": 100.0, "percent_covered_display": "100", "missing_lines": 0, "excluded_lines": 0, "percent_statements_covered": 100.0, "percent_statements_covered_display": "100"}, "missing_lines": [], "excluded_lines": [], "start_line": 103}, "sign_out": {"executed_lines": [138, 139, 140, 142, 143, 144], "summary": {"covered_lines": 6, "num_statements": 6, "percent_covered": 100.0, "percent_covered_display": "100", "missing_lines": 0, "excluded_lines": 0, "percent_statements_covered": 100.0, "percent_statements_covered_display": "100"}, "missing_lines": [], "excluded_lines": [], "start_line": 128}, "": {"executed_lines": [7, 8, 9, 10, 11, 12, 13, 14, 16, 19, 25, 31, 34, 103, 128], "summary": {"covered_lines": 15, "num_statements": 15, "percent_covered": 100.0, "percent_covered_display": "100", "missing_lines": 0, "excluded_lines": 0, "percent_statements_covered": 100.0, "percent_statements_covered_display": "100"}, "missing_lines": [], "excluded_lines": [], "start_line": 1}}, "classes": {"": {"executed_lines": [7, 8, 9, 10, 11, 12, 13, 14, 16, 19, 25, 31, 34, 50, 51, 64, 65, 70, 71, 74, 76, 83, 95, 96, 97, 103, 119, 120, 125, 128, 138, 139, 140, 142, 143, 144], "summary": {"covered_lines": 36, "num_statements": 37, "percent_covered": 97.29729729729729, "percent_covered_display": "97", "missing_lines": 1, "excluded_lines": 0, "percent_statements_covered": 97.29729729729729, "percent_statements_covered_display": "97"}, "missing_lines": [77], "excluded_lines": [], "start_line": 1}}}, "app/db/base_class.py": {"executed_lines": [1, 2, 4, 5, 6, 7, 10, 11], "summary": {"covered_lines": 8, "num_statements": 9, "percent_covered": 88.88888888888889, "percent_covered_display": "89", "missing_lines": 1, "excluded_lines": 0, "percent_statements_covered": 88.88888888888889, "percent_statements_covered_display": "89"}, "missing_lines": [12], "excluded_lines": [], "functions": {"Base.__tablename__": {"executed_lines": [], "summary": {"covered_lines": 0, "num_statements": 1, "percent_covered": 0.0, "percent_covered_display": "0", "missing_lines": 1, "excluded_lines": 0, "percent_statements_covered": 0.0, "percent_statements_covered_display": "0"}, "missing_lines": [12], "excluded_lines": [], "start_line": 11}, "": {"executed_lines": [1, 2, 4, 5, 6, 7, 10, 11], "summary": {"covered_lines": 8, "num_statements": 8, "percent_covered": 100.0, "percent_covered_display": "100", "missing_lines": 0, "excluded_lines": 0, "percent_statements_covered": 100.0, "percent_statements_covered_display": "100"}, "missing_lines": [], "excluded_lines": [], "start_line": 1}}, "classes": {"Base": {"executed_lines": [], "summary": {"covered_lines": 0, "num_statements": 1, "percent_covered": 0.0, "percent_covered_display": "0", "missing_lines": 1, "excluded_lines": 0, "percent_statements_covered": 0.0, "percent_statements_covered_display": "0"}, "missing_lines": [12], "excluded_lines": [], "start_line": 5}, "": {"executed_lines": [1, 2, 4, 5, 6, 7, 10, 11], "summary": {"covered_lines": 8, "num_statements": 8, "percent_covered": 100.0, "percent_covered_display": "100", "missing_lines": 0, "excluded_lines": 0, "percent_statements_covered": 100.0, "percent_statements_covered_display": "100"}, "missing_lines": [], "excluded_lines": [], "start_line": 1}}}, "app/db/session.py": {"executed_lines": [1, 2, 3, 5, 9, 12, 14, 15, 16, 18], "summary": {"covered_lines": 10, "num_statements": 10, "percent_covered": 100.0, "percent_covered_display": "100", "missing_lines": 0, "excluded_lines": 0, "percent_statements_covered": 100.0, "percent_statements_covered_display": "100"}, "missing_lines": [], "excluded_lines": [], "functions": {"get_db": {"executed_lines": [14, 15, 16, 18], "summary": {"covered_lines": 4, "num_statements": 4, "percent_covered": 100.0, "percent_covered_display": "100", "missing_lines": 0, "excluded_lines": 0, "percent_statements_covered": 100.0, "percent_statements_covered_display": "100"}, "missing_lines": [], "excluded_lines": [], "start_line": 12}, "": {"executed_lines": [1, 2, 3, 5, 9, 12], "summary": {"covered_lines": 6, "num_statements": 6, "percent_covered": 100.0, "percent_covered_display": "100", "missing_lines": 0, "excluded_lines": 0, "percent_statements_covered": 100.0, "percent_statements_covered_display": "100"}, "missing_lines": [], "excluded_lines": [], "start_line": 1}}, "classes": {"": {"executed_lines": [1, 2, 3, 5, 9, 12, 14, 15, 16, 18], "summary": {"covered_lines": 10, "num_statements": 10, "percent_covered": 100.0, "percent_covered_display": "100", "missing_lines": 0, "excluded_lines": 0, "percent_statements_covered": 100.0, "percent_statements_covered_display": "100"}, "missing_lines": [], "excluded_lines": [], "start_line": 1}}}, "app/main.py": {"executed_lines": [5, 6, 7, 8, 9, 10, 11, 12, 14, 17, 18, 21, 22, 23, 27, 30, 31, 32, 36, 44, 53, 54, 55, 56, 57, 58, 59, 62, 63, 72, 73, 75], "summary": {"covered_lines": 32, "num_statements": 37, "percent_covered": 86.48648648648648, "percent_covered_display": "86", "missing_lines": 5, "excluded_lines": 0, "percent_statements_covered": 86.48648648648648, "percent_statements_covered_display": "86"}, "missing_lines": [24, 25, 33, 34, 65], "excluded_lines": [], "functions": {"lifespan": {"executed_lines": [21, 22, 23, 27, 30, 31, 32], "summary": {"covered_lines": 7, "num_statements": 11, "percent_covered": 63.63636363636363, "percent_covered_display": "64", "missing_lines": 4, "excluded_lines": 0, "percent_statements_covered": 63.63636363636363, "percent_statements_covered_display": "64"}, "missing_lines": [24, 25, 33, 34], "excluded_lines": [], "start_line": 18}, "root": {"executed_lines": [], "summary": {"covered_lines": 0, "num_statements": 1, "percent_covered": 0.0, "percent_covered_display": "0", "missing_lines": 1, "excluded_lines": 0, "percent_statements_covered": 0.0, "percent_statements_covered_display": "0"}, "missing_lines": [65], "excluded_lines": [], "start_line": 63}, "health_check": {"executed_lines": [75], "summary": {"covered_lines": 1, "num_statements": 1, "percent_covered": 100.0, "percent_covered_display": "100", "missing_lines": 0, "excluded_lines": 0, "percent_statements_covered": 100.0, "percent_statements_covered_display": "100"}, "missing_lines": [], "excluded_lines": [], "start_line": 73}, "": {"executed_lines": [5, 6, 7, 8, 9, 10, 11, 12, 14, 17, 18, 36, 44, 53, 54, 55, 56, 57, 58, 59, 62, 63, 72, 73], "summary": {"covered_lines": 24, "num_statements": 24, "percent_covered": 100.0, "percent_covered_display": "100", "missing_lines": 0, "excluded_lines": 0, "percent_statements_covered": 100.0, "percent_statements_covered_display": "100"}, "missing_lines": [], "excluded_lines": [], "start_line": 1}}, "classes": {"": {"executed_lines": [5, 6, 7, 8, 9, 10, 11, 12, 14, 17, 18, 21, 22, 23, 27, 30, 31, 32, 36, 44, 53, 54, 55, 56, 57, 58, 59, 62, 63, 72, 73, 75], "summary": {"covered_lines": 32, "num_statements": 37, "percent_covered": 86.48648648648648, "percent_covered_display": "86", "missing_lines": 5, "excluded_lines": 0, "percent_statements_covered": 86.48648648648648, "percent_statements_covered_display": "86"}, "missing_lines": [24, 25, 33, 34, 65], "excluded_lines": [], "start_line": 1}}}, "app/models/__init__.py": {"executed_lines": [1, 2, 3, 4, 5, 6, 7], "summary": {"covered_lines": 7, "num_statements": 7, "percent_covered": 100.0, "percent_covered_display": "100", "missing_lines": 0, "excluded_lines": 0, "percent_statements_covered": 100.0, "percent_statements_covered_display": "100"}, "missing_lines": [], "excluded_lines": [], "functions": {"": {"executed_lines": [1, 2, 3, 4, 5, 6, 7], "summary": {"covered_lines": 7, "num_statements": 7, "percent_covered": 100.0, "percent_covered_display": "100", "missing_lines": 0, "excluded_lines": 0, "percent_statements_covered": 100.0, "percent_statements_covered_display": "100"}, "missing_lines": [], "excluded_lines": [], "start_line": 1}}, "classes": {"": {"executed_lines": [1, 2, 3, 4, 5, 6, 7], "summary": {"covered_lines": 7, "num_statements": 7, "percent_covered": 100.0, "percent_covered_display": "100", "missing_lines": 0, "excluded_lines": 0, "percent_statements_covered": 100.0, "percent_statements_covered_display": "100"}, "missing_lines": [], "excluded_lines": [], "start_line": 1}}}, "app/models/channel.py": {"executed_lines": [1, 2, 3, 4, 5, 6, 9, 11, 13, 14, 15, 16, 17, 18, 21, 22, 25, 27, 29, 30, 31, 32, 35, 36, 39, 41, 43, 44, 45, 46, 49, 50], "summary": {"covered_lines": 32, "num_statements": 32, "percent_covered": 100.0, "percent_covered_display": "100", "missing_lines": 0, "excluded_lines": 0, "percent_statements_covered": 100.0, "percent_statements_covered_display": "100"}, "missing_lines": [], "excluded_lines": [], "functions": {"": {"executed_lines": [1, 2, 3, 4, 5, 6, 9, 11, 13, 14, 15, 16, 17, 18, 21, 22, 25, 27, 29, 30, 31, 32, 35, 36, 39, 41, 43, 44, 45, 46, 49, 50], "summary": {"covered_lines": 32, "num_statements": 32, "percent_covered": 100.0, "percent_covered_display": "100", "missing_lines": 0, "excluded_lines": 0, "percent_statements_covered": 100.0, "percent_statements_covered_display": "100"}, "missing_lines": [], "excluded_lines": [], "start_line": 1}}, "classes": {"Channel": {"executed_lines": [], "summary": {"covered_lines": 0, "num_statements": 0, "percent_covered": 100.0, "percent_covered_display": "100", "missing_lines": 0, "excluded_lines": 0, "percent_statements_covered": 100.0, "percent_statements_covered_display": "100"}, "missing_lines": [], "excluded_lines": [], "start_line": 9}, "ChannelMembership": {"executed_lines": [], "summary": {"covered_lines": 0, "num_statements": 0, "percent_covered": 100.0, "percent_covered_display": "100", "missing_lines": 0, "excluded_lines": 0, "percent_statements_covered": 100.0, "percent_statements_covered_display": "100"}, "missing_lines": [], "excluded_lines": [], "start_line": 25}, "TranscriptionChannel": {"executed_lines": [], "summary": {"covered_lines": 0, "num_statements": 0, "percent_covered": 100.0, "percent_covered_display": "100", "missing_lines": 0, "excluded_lines": 0, "percent_statements_covered": 100.0, "percent_statements_covered_display": "100"}, "missing_lines": [], "excluded_lines": [], "start_line": 39}, "": {"executed_lines": [1, 2, 3, 4, 5, 6, 9, 11, 13, 14, 15, 16, 17, 18, 21, 22, 25, 27, 29, 30, 31, 32, 35, 36, 39, 41, 43, 44, 45, 46, 49, 50], "summary": {"covered_lines": 32, "num_statements": 32, "percent_covered": 100.0, "percent_covered_display": "100", "missing_lines": 0, "excluded_lines": 0, "percent_statements_covered": 100.0, "percent_statements_covered_display": "100"}, "missing_lines": [], "excluded_lines": [], "start_line": 1}}}, "app/models/chat_message.py": {"executed_lines": [1, 2, 3, 4, 5, 6, 8, 10, 12, 13, 19, 20, 21, 22, 24], "summary": {"covered_lines": 15, "num_statements": 15, "percent_covered": 100.0, "percent_covered_display": "100", "missing_lines": 0, "excluded_lines": 0, "percent_statements_covered": 100.0, "percent_statements_covered_display": "100"}, "missing_lines": [], "excluded_lines": [], "functions": {"": {"executed_lines": [1, 2, 3, 4, 5, 6, 8, 10, 12, 13, 19, 20, 21, 22, 24], "summary": {"covered_lines": 15, "num_statements": 15, "percent_covered": 100.0, "percent_covered_display": "100", "missing_lines": 0, "excluded_lines": 0, "percent_statements_covered": 100.0, "percent_statements_covered_display": "100"}, "missing_lines": [], "excluded_lines": [], "start_line": 1}}, "classes": {"ChatMessage": {"executed_lines": [], "summary": {"covered_lines": 0, "num_statements": 0, "percent_covered": 100.0, "percent_covered_display": "100", "missing_lines": 0, "excluded_lines": 0, "percent_statements_covered": 100.0, "percent_statements_covered_display": "100"}, "missing_lines": [], "excluded_lines": [], "start_line": 8}, "": {"executed_lines": [1, 2, 3, 4, 5, 6, 8, 10, 12, 13, 19, 20, 21, 22, 24], "summary": {"covered_lines": 15, "num_statements": 15, "percent_covered": 100.0, "percent_covered_display": "100", "missing_lines": 0, "excluded_lines": 0, "percent_statements_covered": 100.0, "percent_statements_covered_display": "100"}, "missing_lines": [], "excluded_lines": [], "start_line": 1}}}, "app/models/gemini_request_log.py": {"executed_lines": [6, 7, 8, 9, 10, 11, 14, 16, 18, 21, 22, 23, 26, 27, 28, 29, 30, 33, 34, 35, 38, 39, 42, 43, 46, 49], "summary": {"covered_lines": 26, "num_statements": 26, "percent_covered": 100.0, "percent_covered_display": "100", "missing_lines": 0, "excluded_lines": 0, "percent_statements_covered": 100.0, "percent_statements_covered_display": "100"}, "missing_lines": [], "excluded_lines": [], "functions": {"": {"executed_lines": [6, 7, 8, 9, 10, 11, 14, 16, 18, 21, 22, 23, 26, 27, 28, 29, 30, 33, 34, 35, 38, 39, 42, 43, 46, 49], "summary": {"covered_lines": 26, "num_statements": 26, "percent_covered": 100.0, "percent_covered_display": "100", "missing_lines": 0, "excluded_lines": 0, "percent_statements_covered": 100.0, "percent_statements_covered_display": "100"}, "missing_lines": [], "excluded_lines": [], "start_line": 1}}, "classes": {"GeminiRequestLog": {"executed_lines": [], "summary": {"covered_lines": 0, "num_statements": 0, "percent_covered": 100.0, "percent_covered_display": "100", "missing_lines": 0, "excluded_lines": 0, "percent_statements_covered": 100.0, "percent_statements_covered_display": "100"}, "missing_lines": [], "excluded_lines": [], "start_line": 14}, "": {"executed_lines": [6, 7, 8, 9, 10, 11, 14, 16, 18, 21, 22, 23, 26, 27, 28, 29, 30, 33, 34, 35, 38, 39, 42, 43, 46, 49], "summary": {"covered_lines": 26, "num_statements": 26, "percent_covered": 100.0, "percent_covered_display": "100", "missing_lines": 0, "excluded_lines": 0, "percent_statements_covered": 100.0, "percent_statements_covered_display": "100"}, "missing_lines": [], "excluded_lines": [], "start_line": 1}}}, "app/models/share_link.py": {"executed_lines": [1, 2, 3, 4, 5, 6, 8, 10, 12, 13, 20, 21, 22, 23, 25], "summary": {"covered_lines": 15, "num_statements": 15, "percent_covered": 100.0, "percent_covered_display": "100", "missing_lines": 0, "excluded_lines": 0, "percent_statements_covered": 100.0, "percent_statements_covered_display": "100"}, "missing_lines": [], "excluded_lines": [], "functions": {"": {"executed_lines": [1, 2, 3, 4, 5, 6, 8, 10, 12, 13, 20, 21, 22, 23, 25], "summary": {"covered_lines": 15, "num_statements": 15, "percent_covered": 100.0, "percent_covered_display": "100", "missing_lines": 0, "excluded_lines": 0, "percent_statements_covered": 100.0, "percent_statements_covered_display": "100"}, "missing_lines": [], "excluded_lines": [], "start_line": 1}}, "classes": {"ShareLink": {"executed_lines": [], "summary": {"covered_lines": 0, "num_statements": 0, "percent_covered": 100.0, "percent_covered_display": "100", "missing_lines": 0, "excluded_lines": 0, "percent_statements_covered": 100.0, "percent_statements_covered_display": "100"}, "missing_lines": [], "excluded_lines": [], "start_line": 8}, "": {"executed_lines": [1, 2, 3, 4, 5, 6, 8, 10, 12, 13, 20, 21, 22, 23, 25], "summary": {"covered_lines": 15, "num_statements": 15, "percent_covered": 100.0, "percent_covered_display": "100", "missing_lines": 0, "excluded_lines": 0, "percent_statements_covered": 100.0, "percent_statements_covered_display": "100"}, "missing_lines": [], "excluded_lines": [], "start_line": 1}}}, "app/models/summary.py": {"executed_lines": [1, 2, 3, 4, 5, 6, 8, 9, 11, 12, 13, 14, 15, 17], "summary": {"covered_lines": 14, "num_statements": 14, "percent_covered": 100.0, "percent_covered_display": "100", "missing_lines": 0, "excluded_lines": 0, "percent_statements_covered": 100.0, "percent_statements_covered_display": "100"}, "missing_lines": [], "excluded_lines": [], "functions": {"": {"executed_lines": [1, 2, 3, 4, 5, 6, 8, 9, 11, 12, 13, 14, 15, 17], "summary": {"covered_lines": 14, "num_statements": 14, "percent_covered": 100.0, "percent_covered_display": "100", "missing_lines": 0, "excluded_lines": 0, "percent_statements_covered": 100.0, "percent_statements_covered_display": "100"}, "missing_lines": [], "excluded_lines": [], "start_line": 1}}, "classes": {"Summary": {"executed_lines": [], "summary": {"covered_lines": 0, "num_statements": 0, "percent_covered": 100.0, "percent_covered_display": "100", "missing_lines": 0, "excluded_lines": 0, "percent_statements_covered": 100.0, "percent_statements_covered_display": "100"}, "missing_lines": [], "excluded_lines": [], "start_line": 8}, "": {"executed_lines": [1, 2, 3, 4, 5, 6, 8, 9, 11, 12, 13, 14, 15, 17], "summary": {"covered_lines": 14, "num_statements": 14, "percent_covered": 100.0, "percent_covered_display": "100", "missing_lines": 0, "excluded_lines": 0, "percent_statements_covered": 100.0, "percent_statements_covered_display": "100"}, "missing_lines": [], "excluded_lines": [], "start_line": 1}}}, "app/models/transcription.py": {"executed_lines": [1, 2, 3, 4, 5, 6, 7, 8, 9, 12, 14, 15, 16, 17, 19, 20, 22, 23, 24, 25, 27, 28, 29, 32, 33, 34, 35, 38, 39, 40, 41, 44, 45, 47, 48, 52, 53, 54, 55, 56, 58, 59, 79, 80, 89, 90, 91, 93, 94, 96, 97, 98, 99, 100, 102, 103, 111, 112, 113, 114, 116, 117, 121, 122], "summary": {"covered_lines": 64, "num_statements": 78, "percent_covered": 82.05128205128206, "percent_covered_display": "82", "missing_lines": 14, "excluded_lines": 0, "percent_statements_covered": 82.05128205128206, "percent_statements_covered_display": "82"}, "missing_lines": [67, 68, 70, 71, 72, 73, 74, 75, 76, 77, 119, 124, 125, 126], "excluded_lines": [], "functions": {"Transcription.original_text": {"executed_lines": [], "summary": {"covered_lines": 0, "num_statements": 10, "percent_covered": 0.0, "percent_covered_display": "0", "missing_lines": 10, "excluded_lines": 0, "percent_statements_covered": 0.0, "percent_statements_covered_display": "0"}, "missing_lines": [67, 68, 70, 71, 72, 73, 74, 75, 76, 77], "excluded_lines": [], "start_line": 59}, "Transcription.text": {"executed_lines": [89, 90, 91, 93, 94, 96, 97, 98, 99, 100], "summary": {"covered_lines": 10, "num_statements": 10, "percent_covered": 100.0, "percent_covered_display": "100", "missing_lines": 0, "excluded_lines": 0, "percent_statements_covered": 100.0, "percent_statements_covered_display": "100"}, "missing_lines": [], "excluded_lines": [], "start_line": 80}, "Transcription.time_remaining": {"executed_lines": [111, 112, 113, 114], "summary": {"covered_lines": 4, "num_statements": 4, "percent_covered": 100.0, "percent_covered_display": "100", "missing_lines": 0, "excluded_lines": 0, "percent_statements_covered": 100.0, "percent_statements_covered_display": "100"}, "missing_lines": [], "excluded_lines": [], "start_line": 103}, "Transcription.is_expired": {"executed_lines": [], "summary": {"covered_lines": 0, "num_statements": 1, "percent_covered": 0.0, "percent_covered_display": "0", "missing_lines": 1, "excluded_lines": 0, "percent_statements_covered": 0.0, "percent_statements_covered_display": "0"}, "missing_lines": [119], "excluded_lines": [], "start_line": 117}, "Transcription.processing_time": {"executed_lines": [], "summary": {"covered_lines": 0, "num_statements": 3, "percent_covered": 0.0, "percent_covered_display": "0", "missing_lines": 3, "excluded_lines": 0, "percent_statements_covered": 0.0, "percent_statements_covered_display": "0"}, "missing_lines": [124, 125, 126], "excluded_lines": [], "start_line": 122}, "": {"executed_lines": [1, 2, 3, 4, 5, 6, 7, 8, 9, 12, 14, 15, 16, 17, 19, 20, 22, 23, 24, 25, 27, 28, 29, 32, 33, 34, 35, 38, 39, 40, 41, 44, 45, 47, 48, 52, 53, 54, 55, 56, 58, 59, 79, 80, 102, 103, 116, 117, 121, 122], "summary": {"covered_lines": 50, "num_statements": 50, "percent_covered": 100.0, "percent_covered_display": "100", "missing_lines": 0, "excluded_lines": 0, "percent_statements_covered": 100.0, "percent_statements_covered_display": "100"}, "missing_lines": [], "excluded_lines": [], "start_line": 1}}, "classes": {"TranscriptionStatus": {"executed_lines": [], "summary": {"covered_lines": 0, "num_statements": 0, "percent_covered": 100.0, "percent_covered_display": "100", "missing_lines": 0, "excluded_lines": 0, "percent_statements_covered": 100.0, "percent_statements_covered_display": "100"}, "missing_lines": [], "excluded_lines": [], "start_line": 12}, "Transcription": {"executed_lines": [89, 90, 91, 93, 94, 96, 97, 98, 99, 100, 111, 112, 113, 114], "summary": {"covered_lines": 14, "num_statements": 28, "percent_covered": 50.0, "percent_covered_display": "50", "missing_lines": 14, "excluded_lines": 0, "percent_statements_covered": 50.0, "percent_statements_covered_display": "50"}, "missing_lines": [67, 68, 70, 71, 72, 73, 74, 75, 76, 77, 119, 124, 125, 126], "excluded_lines": [], "start_line": 19}, "": {"executed_lines": [1, 2, 3, 4, 5, 6, 7, 8, 9, 12, 14, 15, 16, 17, 19, 20, 22, 23, 24, 25, 27, 28, 29, 32, 33, 34, 35, 38, 39, 40, 41, 44, 45, 47, 48, 52, 53, 54, 55, 56, 58, 59, 79, 80, 102, 103, 116, 117, 121, 122], "summary": {"covered_lines": 50, "num_statements": 50, "percent_covered": 100.0, "percent_covered_display": "100", "missing_lines": 0, "excluded_lines": 0, "percent_statements_covered": 100.0, "percent_statements_covered_display": "100"}, "missing_lines": [], "excluded_lines": [], "start_line": 1}}}, "app/models/user.py": {"executed_lines": [1, 2, 3, 4, 5, 6, 8, 9, 11, 12, 13, 16, 17, 18, 19, 23], "summary": {"covered_lines": 16, "num_statements": 16, "percent_covered": 100.0, "percent_covered_display": "100", "missing_lines": 0, "excluded_lines": 0, "percent_statements_covered": 100.0, "percent_statements_covered_display": "100"}, "missing_lines": [], "excluded_lines": [], "functions": {"": {"executed_lines": [1, 2, 3, 4, 5, 6, 8, 9, 11, 12, 13, 16, 17, 18, 19, 23], "summary": {"covered_lines": 16, "num_statements": 16, "percent_covered": 100.0, "percent_covered_display": "100", "missing_lines": 0, "excluded_lines": 0, "percent_statements_covered": 100.0, "percent_statements_covered_display": "100"}, "missing_lines": [], "excluded_lines": [], "start_line": 1}}, "classes": {"User": {"executed_lines": [], "summary": {"covered_lines": 0, "num_statements": 0, "percent_covered": 100.0, "percent_covered_display": "100", "missing_lines": 0, "excluded_lines": 0, "percent_statements_covered": 100.0, "percent_statements_covered_display": "100"}, "missing_lines": [], "excluded_lines": [], "start_line": 8}, "": {"executed_lines": [1, 2, 3, 4, 5, 6, 8, 9, 11, 12, 13, 16, 17, 18, 19, 23], "summary": {"covered_lines": 16, "num_statements": 16, "percent_covered": 100.0, "percent_covered_display": "100", "missing_lines": 0, "excluded_lines": 0, "percent_statements_covered": 100.0, "percent_statements_covered_display": "100"}, "missing_lines": [], "excluded_lines": [], "start_line": 1}}}, "app/schemas/admin.py": {"executed_lines": [7, 8, 9, 10, 17, 19, 20, 21, 22, 23, 24, 26, 27, 30, 32, 35, 37, 44, 46, 47, 50, 52, 55, 57, 58, 61, 63, 64, 65, 66, 67, 69, 70, 73, 75, 76, 77, 78, 80, 81, 84, 86, 89, 91, 98, 100, 103, 105, 108, 110, 111, 118, 120, 121, 122, 123, 124, 125, 126, 127, 128, 129, 130, 132, 133, 136, 138, 139], "summary": {"covered_lines": 68, "num_statements": 68, "percent_covered": 100.0, "percent_covered_display": "100", "missing_lines": 0, "excluded_lines": 0, "percent_statements_covered": 100.0, "percent_statements_covered_display": "100"}, "missing_lines": [], "excluded_lines": [], "functions": {"": {"executed_lines": [7, 8, 9, 10, 17, 19, 20, 21, 22, 23, 24, 26, 27, 30, 32, 35, 37, 44, 46, 47, 50, 52, 55, 57, 58, 61, 63, 64, 65, 66, 67, 69, 70, 73, 75, 76, 77, 78, 80, 81, 84, 86, 89, 91, 98, 100, 103, 105, 108, 110, 111, 118, 120, 121, 122, 123, 124, 125, 126, 127, 128, 129, 130, 132, 133, 136, 138, 139], "summary": {"covered_lines": 68, "num_statements": 68, "percent_covered": 100.0, "percent_covered_display": "100", "missing_lines": 0, "excluded_lines": 0, "percent_statements_covered": 100.0, "percent_statements_covered_display": "100"}, "missing_lines": [], "excluded_lines": [], "start_line": 1}}, "classes": {"UserResponse": {"executed_lines": [], "summary": {"covered_lines": 0, "num_statements": 0, "percent_covered": 100.0, "percent_covered_display": "100", "missing_lines": 0, "excluded_lines": 0, "percent_statements_covered": 100.0, "percent_statements_covered_display": "100"}, "missing_lines": [], "excluded_lines": [], "start_line": 17}, "UserResponse.Config": {"executed_lines": [], "summary": {"covered_lines": 0, "num_statements": 0, "percent_covered": 100.0, "percent_covered_display": "100", "missing_lines": 0, "excluded_lines": 0, "percent_statements_covered": 100.0, "percent_statements_covered_display": "100"}, "missing_lines": [], "excluded_lines": [], "start_line": 26}, "UserActivateRequest": {"executed_lines": [], "summary": {"covered_lines": 0, "num_statements": 0, "percent_covered": 100.0, "percent_covered_display": "100", "missing_lines": 0, "excluded_lines": 0, "percent_statements_covered": 100.0, "percent_statements_covered_display": "100"}, "missing_lines": [], "excluded_lines": [], "start_line": 30}, "UserAdminToggleRequest": {"executed_lines": [], "summary": {"covered_lines": 0, "num_statements": 0, "percent_covered": 100.0, "percent_covered_display": "100", "missing_lines": 0, "excluded_lines": 0, "percent_statements_covered": 100.0, "percent_statements_covered_display": "100"}, "missing_lines": [], "excluded_lines": [], "start_line": 35}, "ChannelBase": {"executed_lines": [], "summary": {"covered_lines": 0, "num_statements": 0, "percent_covered": 100.0, "percent_covered_display": "100", "missing_lines": 0, "excluded_lines": 0, "percent_statements_covered": 100.0, "percent_statements_covered_display": "100"}, "missing_lines": [], "excluded_lines": [], "start_line": 44}, "ChannelCreate": {"executed_lines": [], "summary": {"covered_lines": 0, "num_statements": 0, "percent_covered": 100.0, "percent_covered_display": "100", "missing_lines": 0, "excluded_lines": 0, "percent_statements_covered": 100.0, "percent_statements_covered_display": "100"}, "missing_lines": [], "excluded_lines": [], "start_line": 50}, "ChannelUpdate": {"executed_lines": [], "summary": {"covered_lines": 0, "num_statements": 0, "percent_covered": 100.0, "percent_covered_display": "100", "missing_lines": 0, "excluded_lines": 0, "percent_statements_covered": 100.0, "percent_statements_covered_display": "100"}, "missing_lines": [], "excluded_lines": [], "start_line": 55}, "ChannelResponse": {"executed_lines": [], "summary": {"covered_lines": 0, "num_statements": 0, "percent_covered": 100.0, "percent_covered_display": "100", "missing_lines": 0, "excluded_lines": 0, "percent_statements_covered": 100.0, "percent_statements_covered_display": "100"}, "missing_lines": [], "excluded_lines": [], "start_line": 61}, "ChannelResponse.Config": {"executed_lines": [], "summary": {"covered_lines": 0, "num_statements": 0, "percent_covered": 100.0, "percent_covered_display": "100", "missing_lines": 0, "excluded_lines": 0, "percent_statements_covered": 100.0, "percent_statements_covered_display": "100"}, "missing_lines": [], "excluded_lines": [], "start_line": 69}, "ChannelMemberResponse": {"executed_lines": [], "summary": {"covered_lines": 0, "num_statements": 0, "percent_covered": 100.0, "percent_covered_display": "100", "missing_lines": 0, "excluded_lines": 0, "percent_statements_covered": 100.0, "percent_statements_covered_display": "100"}, "missing_lines": [], "excluded_lines": [], "start_line": 73}, "ChannelMemberResponse.Config": {"executed_lines": [], "summary": {"covered_lines": 0, "num_statements": 0, "percent_covered": 100.0, "percent_covered_display": "100", "missing_lines": 0, "excluded_lines": 0, "percent_statements_covered": 100.0, "percent_statements_covered_display": "100"}, "missing_lines": [], "excluded_lines": [], "start_line": 80}, "ChannelDetailResponse": {"executed_lines": [], "summary": {"covered_lines": 0, "num_statements": 0, "percent_covered": 100.0, "percent_covered_display": "100", "missing_lines": 0, "excluded_lines": 0, "percent_statements_covered": 100.0, "percent_statements_covered_display": "100"}, "missing_lines": [], "excluded_lines": [], "start_line": 84}, "UserWithChannelsResponse": {"executed_lines": [], "summary": {"covered_lines": 0, "num_statements": 0, "percent_covered": 100.0, "percent_covered_display": "100", "missing_lines": 0, "excluded_lines": 0, "percent_statements_covered": 100.0, "percent_statements_covered_display": "100"}, "missing_lines": [], "excluded_lines": [], "start_line": 89}, "ChannelAssignmentRequest": {"executed_lines": [], "summary": {"covered_lines": 0, "num_statements": 0, "percent_covered": 100.0, "percent_covered_display": "100", "missing_lines": 0, "excluded_lines": 0, "percent_statements_covered": 100.0, "percent_statements_covered_display": "100"}, "missing_lines": [], "excluded_lines": [], "start_line": 98}, "TranscriptionChannelAssignmentRequest": {"executed_lines": [], "summary": {"covered_lines": 0, "num_statements": 0, "percent_covered": 100.0, "percent_covered_display": "100", "missing_lines": 0, "excluded_lines": 0, "percent_statements_covered": 100.0, "percent_statements_covered_display": "100"}, "missing_lines": [], "excluded_lines": [], "start_line": 103}, "TranscriptionChannelsResponse": {"executed_lines": [], "summary": {"covered_lines": 0, "num_statements": 0, "percent_covered": 100.0, "percent_covered_display": "100", "missing_lines": 0, "excluded_lines": 0, "percent_statements_covered": 100.0, "percent_statements_covered_display": "100"}, "missing_lines": [], "excluded_lines": [], "start_line": 108}, "AdminTranscriptionResponse": {"executed_lines": [], "summary": {"covered_lines": 0, "num_statements": 0, "percent_covered": 100.0, "percent_covered_display": "100", "missing_lines": 0, "excluded_lines": 0, "percent_statements_covered": 100.0, "percent_statements_covered_display": "100"}, "missing_lines": [], "excluded_lines": [], "start_line": 118}, "AdminTranscriptionResponse.Config": {"executed_lines": [], "summary": {"covered_lines": 0, "num_statements": 0, "percent_covered": 100.0, "percent_covered_display": "100", "missing_lines": 0, "excluded_lines": 0, "percent_statements_covered": 100.0, "percent_statements_covered_display": "100"}, "missing_lines": [], "excluded_lines": [], "start_line": 132}, "AdminTranscriptionListResponse": {"executed_lines": [], "summary": {"covered_lines": 0, "num_statements": 0, "percent_covered": 100.0, "percent_covered_display": "100", "missing_lines": 0, "excluded_lines": 0, "percent_statements_covered": 100.0, "percent_statements_covered_display": "100"}, "missing_lines": [], "excluded_lines": [], "start_line": 136}, "": {"executed_lines": [7, 8, 9, 10, 17, 19, 20, 21, 22, 23, 24, 26, 27, 30, 32, 35, 37, 44, 46, 47, 50, 52, 55, 57, 58, 61, 63, 64, 65, 66, 67, 69, 70, 73, 75, 76, 77, 78, 80, 81, 84, 86, 89
[...]
ng_lines": 79, "excluded_lines": 0, "percent_statements_covered": 0.0, "percent_statements_covered_display": "0"}, "missing_lines": [6, 7, 8, 9, 10, 11, 12, 13, 15, 18, 19, 20, 21, 22, 23, 25, 26, 29, 30, 32, 33, 42, 43, 54, 55, 57, 59, 60, 61, 64, 65, 75, 82, 83, 89, 100, 107, 108, 114, 115, 117, 118, 120, 121, 122, 124, 125, 128, 129, 131, 140, 141, 145, 147, 148, 149, 151, 157, 164, 166, 167, 169, 170, 172, 173, 175, 176, 177, 178, 179, 182, 183, 184, 185, 187, 192, 194, 197, 198], "excluded_lines": [], "functions": {"health_check": {"executed_lines": [], "summary": {"covered_lines": 0, "num_statements": 2, "percent_covered": 0.0, "percent_covered_display": "0", "missing_lines": 2, "excluded_lines": 0, "percent_statements_covered": 0.0, "percent_statements_covered_display": "0"}, "missing_lines": [32, 33], "excluded_lines": [], "start_line": 30}, "transcribe_audio": {"executed_lines": [], "summary": {"covered_lines": 0, "num_statements": 34, "percent_covered": 0.0, "percent_covered_display": "0", "missing_lines": 34, "excluded_lines": 0, "percent_statements_covered": 0.0, "percent_statements_covered_display": "0"}, "missing_lines": [54, 55, 57, 59, 60, 61, 64, 65, 75, 82, 83, 89, 100, 107, 108, 114, 115, 117, 118, 120, 121, 122, 124, 125, 128, 129, 131, 140, 141, 145, 147, 148, 149, 151], "excluded_lines": [], "start_line": 43}, "parse_srt": {"executed_lines": [], "summary": {"covered_lines": 0, "num_statements": 19, "percent_covered": 0.0, "percent_covered_display": "0", "missing_lines": 19, "excluded_lines": 0, "percent_statements_covered": 0.0, "percent_statements_covered_display": "0"}, "missing_lines": [164, 166, 167, 169, 170, 172, 173, 175, 176, 177, 178, 179, 182, 183, 184, 185, 187, 192, 194], "excluded_lines": [], "start_line": 157}, "": {"executed_lines": [], "summary": {"covered_lines": 0, "num_statements": 24, "percent_covered": 0.0, "percent_covered_display": "0", "missing_lines": 24, "excluded_lines": 0, "percent_statements_covered": 0.0, "percent_statements_covered_display": "0"}, "missing_lines": [6, 7, 8, 9, 10, 11, 12, 13, 15, 18, 19, 20, 21, 22, 23, 25, 26, 29, 30, 42, 43, 157, 197, 198], "excluded_lines": [], "start_line": 1}}, "classes": {"": {"executed_lines": [], "summary": {"covered_lines": 0, "num_statements": 79, "percent_covered": 0.0, "percent_covered_display": "0", "missing_lines": 79, "excluded_lines": 0, "percent_statements_covered": 0.0, "percent_statements_covered_display": "0"}, "missing_lines": [6, 7, 8, 9, 10, 11, 12, 13, 15, 18, 19, 20, 21, 22, 23, 25, 26, 29, 30, 32, 33, 42, 43, 54, 55, 57, 59, 60, 61, 64, 65, 75, 82, 83, 89, 100, 107, 108, 114, 115, 117, 118, 120, 121, 122, 124, 125, 128, 129, 131, 140, 141, 145, 147, 148, 149, 151, 157, 164, 166, 167, 169, 170, 172, 173, 175, 176, 177, 178, 179, 182, 183, 184, 185, 187, 192, 194, 197, 198], "excluded_lines": [], "start_line": 1}}}, "app/services/storage_service.py": {"executed_lines": [9, 10, 11, 12, 13, 14, 16, 19, 22, 25, 27, 29, 31, 32, 33, 34, 35, 36, 38, 58, 60, 61, 64, 65, 68, 69, 70, 71, 73, 74, 75, 77, 90, 91, 92, 94, 97, 100, 101, 103, 104, 106, 107, 108, 109, 110, 111, 113, 123, 124, 125, 127, 130, 131, 132, 134, 135, 136, 137, 138, 139, 141, 151, 152, 153, 154, 155, 156, 162, 182, 184, 185, 191, 192, 195, 199, 200, 201, 203, 204, 205, 207, 221, 222, 223, 225, 228, 229, 230, 232, 233, 235, 236, 237, 238, 239, 240, 242, 252, 253, 254, 255, 256, 257, 258, 259, 260, 261, 262, 264, 274, 275, 276, 277, 278, 279, 285, 305, 307, 308, 314, 315, 318, 322, 323, 324, 326, 327, 328, 330, 343, 344, 345, 347, 350, 351, 352, 354, 355, 357, 358, 359, 360, 361, 362, 364, 374, 375, 376, 377, 378, 379, 380, 381, 382, 383, 384, 390, 410, 412, 413, 416, 417, 420, 421, 422, 423, 425, 426, 427, 429, 442, 443, 444, 446, 449, 452, 453, 455, 456, 458, 459, 460, 461, 462, 463, 465, 475, 476, 477, 479, 482, 483, 484, 486, 487, 488, 489, 490, 491, 493, 503, 504, 505, 506, 507, 508, 514, 534, 536, 537, 540, 541, 544, 545, 546, 547, 549, 550, 551, 553, 566, 567, 568, 570, 573, 576, 577, 579, 580, 582, 583, 584, 585, 586, 587, 589, 599, 600, 601, 603, 606, 607, 608, 610, 611, 612, 613, 614, 615, 617, 627, 628, 629, 630, 631, 632, 636, 639, 642, 643, 644, 645], "summary": {"covered_lines": 263, "num_statements": 263, "percent_covered": 100.0, "percent_covered_display": "100", "missing_lines": 0, "excluded_lines": 0, "percent_statements_covered": 100.0, "percent_statements_covered_display": "100"}, "missing_lines": [], "excluded_lines": [], "functions": {"StorageService.__init__": {"executed_lines": [27], "summary": {"covered_lines": 1, "num_statements": 1, "percent_covered": 100.0, "percent_covered_display": "100", "missing_lines": 0, "excluded_lines": 0, "percent_statements_covered": 100.0, "percent_statements_covered_display": "100"}, "missing_lines": [], "excluded_lines": [], "start_line": 25}, "StorageService._ensure_directory_exists": {"executed_lines": [31, 32, 33, 34, 35, 36], "summary": {"covered_lines": 6, "num_statements": 6, "percent_covered": 100.0, "percent_covered_display": "100", "missing_lines": 0, "excluded_lines": 0, "percent_statements_covered": 100.0, "percent_statements_covered_display": "100"}, "missing_lines": [], "excluded_lines": [], "start_line": 29}, "StorageService.save_transcription_text": {"executed_lines": [58, 60, 61, 64, 65, 68, 69, 70, 71, 73, 74, 75], "summary": {"covered_lines": 12, "num_statements": 12, "percent_covered": 100.0, "percent_covered_display": "100", "missing_lines": 0, "excluded_lines": 0, "percent_statements_covered": 100.0, "percent_statements_covered_display": "100"}, "missing_lines": [], "excluded_lines": [], "start_line": 38}, "StorageService.get_transcription_text": {"executed_lines": [90, 91, 92, 94, 97, 100, 101, 103, 104, 106, 107, 108, 109, 110, 111], "summary": {"covered_lines": 15, "num_statements": 15, "percent_covered": 100.0, "percent_covered_display": "100", "missing_lines": 0, "excluded_lines": 0, "percent_statements_covered": 100.0, "percent_statements_covered_display": "100"}, "missing_lines": [], "excluded_lines": [], "start_line": 77}, "StorageService.delete_transcription_text": {"executed_lines": [123, 124, 125, 127, 130, 131, 132, 134, 135, 136, 137, 138, 139], "summary": {"covered_lines": 13, "num_statements": 13, "percent_covered": 100.0, "percent_covered_display": "100", "missing_lines": 0, "excluded_lines": 0, "percent_statements_covered": 100.0, "percent_statements_covered_display": "100"}, "missing_lines": [], "excluded_lines": [], "start_line": 113}, "StorageService.transcription_exists": {"executed_lines": [151, 152, 153, 154, 155, 156], "summary": {"covered_lines": 6, "num_statements": 6, "percent_covered": 100.0, "percent_covered_display": "100", "missing_lines": 0, "excluded_lines": 0, "percent_statements_covered": 100.0, "percent_statements_covered_display": "100"}, "missing_lines": [], "excluded_lines": [], "start_line": 141}, "StorageService.save_transcription_segments": {"executed_lines": [182, 184, 185, 191, 192, 195, 199, 200, 201, 203, 204, 205], "summary": {"covered_lines": 12, "num_statements": 12, "percent_covered": 100.0, "percent_covered_display": "100", "missing_lines": 0, "excluded_lines": 0, "percent_statements_covered": 100.0, "percent_statements_covered_display": "100"}, "missing_lines": [], "excluded_lines": [], "start_line": 162}, "StorageService.get_transcription_segments": {"executed_lines": [221, 222, 223, 225, 228, 229, 230, 232, 233, 235, 236, 237, 238, 239, 240], "summary": {"covered_lines": 15, "num_statements": 15, "percent_covered": 100.0, "percent_covered_display": "100", "missing_lines": 0, "excluded_lines": 0, "percent_statements_covered": 100.0, "percent_statements_covered_display": "100"}, "missing_lines": [], "excluded_lines": [], "start_line": 207}, "StorageService.delete_transcription_segments": {"executed_lines": [252, 253, 254, 255, 256, 257, 258, 259, 260, 261, 262], "summary": {"covered_lines": 11, "num_statements": 11, "percent_covered": 100.0, "percent_covered_display": "100", "missing_lines": 0, "excluded_lines": 0, "percent_statements_covered": 100.0, "percent_statements_covered_display": "100"}, "missing_lines": [], "excluded_lines": [], "start_line": 242}, "StorageService.segments_exist": {"executed_lines": [274, 275, 276, 277, 278, 279], "summary": {"covered_lines": 6, "num_statements": 6, "percent_covered": 100.0, "percent_covered_display": "100", "missing_lines": 0, "excluded_lines": 0, "percent_statements_covered": 100.0, "percent_statements_covered_display": "100"}, "missing_lines": [], "excluded_lines": [], "start_line": 264}, "StorageService.save_original_output": {"executed_lines": [305, 307, 308, 314, 315, 318, 322, 323, 324, 326, 327, 328], "summary": {"covered_lines": 12, "num_statements": 12, "percent_covered": 100.0, "percent_covered_display": "100", "missing_lines": 0, "excluded_lines": 0, "percent_statements_covered": 100.0, "percent_statements_covered_display": "100"}, "missing_lines": [], "excluded_lines": [], "start_line": 285}, "StorageService.get_original_output": {"executed_lines": [343, 344, 345, 347, 350, 351, 352, 354, 355, 357, 358, 359, 360, 361, 362], "summary": {"covered_lines": 15, "num_statements": 15, "percent_covered": 100.0, "percent_covered_display": "100", "missing_lines": 0, "excluded_lines": 0, "percent_statements_covered": 100.0, "percent_statements_covered_display": "100"}, "missing_lines": [], "excluded_lines": [], "start_line": 330}, "StorageService.delete_original_output": {"executed_lines": [374, 375, 376, 377, 378, 379, 380, 381, 382, 383, 384], "summary": {"covered_lines": 11, "num_statements": 11, "percent_covered": 100.0, "percent_covered_display": "100", "missing_lines": 0, "excluded_lines": 0, "percent_statements_covered": 100.0, "percent_statements_covered_display": "100"}, "missing_lines": [], "excluded_lines": [], "start_line": 364}, "StorageService.save_formatted_text": {"executed_lines": [410, 412, 413, 416, 417, 420, 421, 422, 423, 425, 426, 427], "summary": {"covered_lines": 12, "num_statements": 12, "percent_covered": 100.0, "percent_covered_display": "100", "missing_lines": 0, "excluded_lines": 0, "percent_statements_covered": 100.0, "percent_statements_covered_display": "100"}, "missing_lines": [], "excluded_lines": [], "start_line": 390}, "StorageService.get_formatted_text": {"executed_lines": [442, 443, 444, 446, 449, 452, 453, 455, 456, 458, 459, 460, 461, 462, 463], "summary": {"covered_lines": 15, "num_statements": 15, "percent_covered": 100.0, "percent_covered_display": "100", "missing_lines": 0, "excluded_lines": 0, "percent_statements_covered": 100.0, "percent_statements_covered_display": "100"}, "missing_lines": [], "excluded_lines": [], "start_line": 429}, "StorageService.delete_formatted_text": {"executed_lines": [475, 476, 477, 479, 482, 483, 484, 486, 487, 488, 489, 490, 491], "summary": {"covered_lines": 13, "num_statements": 13, "percent_covered": 100.0, "percent_covered_display": "100", "missing_lines": 0, "excluded_lines": 0, "percent_statements_covered": 100.0, "percent_statements_covered_display": "100"}, "missing_lines": [], "excluded_lines": [], "start_line": 465}, "StorageService.formatted_text_exists": {"executed_lines": [503, 504, 505, 506, 507, 508], "summary": {"covered_lines": 6, "num_statements": 6, "percent_covered": 100.0, "percent_covered_display": "100", "missing_lines": 0, "excluded_lines": 0, "percent_statements_covered": 100.0, "percent_statements_covered_display": "100"}, "missing_lines": [], "excluded_lines": [], "start_line": 493}, "StorageService.save_notebooklm_guideline": {"executed_lines": [534, 536, 537, 540, 541, 544, 545, 546, 547, 549, 550, 551], "summary": {"covered_lines": 12, "num_statements": 12, "percent_covered": 100.0, "percent_covered_display": "100", "missing_lines": 0, "excluded_lines": 0, "percent_statements_covered": 100.0, "percent_statements_covered_display": "100"}, "missing_lines": [], "excluded_lines": [], "start_line": 514}, "StorageService.get_notebooklm_guideline": {"executed_lines": [566, 567, 568, 570, 573, 576, 577, 579, 580, 582, 583, 584, 585, 586, 587], "summary": {"covered_lines": 15, "num_statements": 15, "percent_covered": 100.0, "percent_covered_display": "100", "missing_lines": 0, "excluded_lines": 0, "percent_statements_covered": 100.0, "percent_statements_covered_display": "100"}, "missing_lines": [], "excluded_lines": [], "start_line": 553}, "StorageService.delete_notebooklm_guideline": {"executed_lines": [599, 600, 601, 603, 606, 607, 608, 610, 611, 612, 613, 614, 615], "summary": {"covered_lines": 13, "num_statements": 13, "percent_covered": 100.0, "percent_covered_display": "100", "missing_lines": 0, "excluded_lines": 0, "percent_statements_covered": 100.0, "percent_statements_covered_display": "100"}, "missing_lines": [], "excluded_lines": [], "start_line": 589}, "StorageService.notebooklm_guideline_exists": {"executed_lines": [627, 628, 629, 630, 631, 632], "summary": {"covered_lines": 6, "num_statements": 6, "percent_covered": 100.0, "percent_covered_display": "100", "missing_lines": 0, "excluded_lines": 0, "percent_statements_covered": 100.0, "percent_statements_covered_display": "100"}, "missing_lines": [], "excluded_lines": [], "start_line": 617}, "get_storage_service": {"executed_lines": [642, 643, 644, 645], "summary": {"covered_lines": 4, "num_statements": 4, "percent_covered": 100.0, "percent_covered_display": "100", "missing_lines": 0, "excluded_lines": 0, "percent_statements_covered": 100.0, "percent_statements_covered_display": "100"}, "missing_lines": [], "excluded_lines": [], "start_line": 639}, "": {"executed_lines": [9, 10, 11, 12, 13, 14, 16, 19, 22, 25, 29, 38, 77, 113, 141, 162, 207, 242, 264, 285, 330, 364, 390, 429, 465, 493, 514, 553, 589, 617, 636, 639], "summary": {"covered_lines": 32, "num_statements": 32, "percent_covered": 100.0, "percent_covered_display": "100", "missing_lines": 0, "excluded_lines": 0, "percent_statements_covered": 100.0, "percent_statements_covered_display": "100"}, "missing_lines": [], "excluded_lines": [], "start_line": 1}}, "classes": {"StorageService": {"executed_lines": [27, 31, 32, 33, 34, 35, 36, 58, 60, 61, 64, 65, 68, 69, 70, 71, 73, 74, 75, 90, 91, 92, 94, 97, 100, 101, 103, 104, 106, 107, 108, 109, 110, 111, 123, 124, 125, 127, 130, 131, 132, 134, 135, 136, 137, 138, 139, 151, 152, 153, 154, 155, 156, 182, 184, 185, 191, 192, 195, 199, 200, 201, 203, 204, 205, 221, 222, 223, 225, 228, 229, 230, 232, 233, 235, 236, 237, 238, 239, 240, 252, 253, 254, 255, 256, 257, 258, 259, 260, 261, 262, 274, 275, 276, 277, 278, 279, 305, 307, 308, 314, 315, 318, 322, 323, 324, 326, 327, 328, 343, 344, 345, 347, 350, 351, 352, 354, 355, 357, 358, 359, 360, 361, 362, 374, 375, 376, 377, 378, 379, 380, 381, 382, 383, 384, 410, 412, 413, 416, 417, 420, 421, 422, 423, 425, 426, 427, 442, 443, 444, 446, 449, 452, 453, 455, 456, 458, 459, 460, 461, 462, 463, 475, 476, 477, 479, 482, 483, 484, 486, 487, 488, 489, 490, 491, 503, 504, 505, 506, 507, 508, 534, 536, 537, 540, 541, 544, 545, 546, 547, 549, 550, 551, 566, 567, 568, 570, 573, 576, 577, 579, 580, 582, 583, 584, 585, 586, 587, 599, 600, 601, 603, 606, 607, 608, 610, 611, 612, 613, 614, 615, 627, 628, 629, 630, 631, 632], "summary": {"covered_lines": 227, "num_statements": 227, "percent_covered": 100.0, "percent_covered_display": "100", "missing_lines": 0, "excluded_lines": 0, "percent_statements_covered": 100.0, "percent_statements_covered_display": "100"}, "missing_lines": [], "excluded_lines": [], "start_line": 22}, "": {"executed_lines": [9, 10, 11, 12, 13, 14, 16, 19, 22, 25, 29, 38, 77, 113, 141, 162, 207, 242, 264, 285, 330, 364, 390, 429, 465, 493, 514, 553, 589, 617, 636, 639, 642, 643, 644, 645], "summary": {"covered_lines": 36, "num_statements": 36, "percent_covered": 100.0, "percent_covered_display": "100", "missing_lines": 0, "excluded_lines": 0, "percent_statements_covered": 100.0, "percent_statements_covered_display": "100"}, "missing_lines": [], "excluded_lines": [], "start_line": 1}}}, "app/tasks/__init__.py": {"executed_lines": [7, 9], "summary": {"covered_lines": 2, "num_statements": 2, "percent_covered": 100.0, "percent_covered_display": "100", "missing_lines": 0, "excluded_lines": 0, "percent_statements_covered": 100.0, "percent_statements_covered_display": "100"}, "missing_lines": [], "excluded_lines": [], "functions": {"": {"executed_lines": [7, 9], "summary": {"covered_lines": 2, "num_statements": 2, "percent_covered": 100.0, "percent_covered_display": "100", "missing_lines": 0, "excluded_lines": 0, "percent_statements_covered": 100.0, "percent_statements_covered_display": "100"}, "missing_lines": [], "excluded_lines": [], "start_line": 1}}, "classes": {"": {"executed_lines": [7, 9], "summary": {"covered_lines": 2, "num_statements": 2, "percent_covered": 100.0, "percent_covered_display": "100", "missing_lines": 0, "excluded_lines": 0, "percent_statements_covered": 100.0, "percent_statements_covered_display": "100"}, "missing_lines": [], "excluded_lines": [], "start_line": 1}}}, "app/tasks/cleanup.py": {"executed_lines": [8, 9, 10, 11, 13, 14, 15, 16, 18, 21, 24, 36, 37, 43, 45, 48, 52, 57, 59, 60, 62, 63, 66, 67, 69, 71, 72, 73, 74, 75, 78, 80, 91, 93, 96, 103, 104, 105, 108, 110, 119, 120, 125, 127, 128, 129], "summary": {"covered_lines": 46, "num_statements": 50, "percent_covered": 92.0, "percent_covered_display": "92", "missing_lines": 4, "excluded_lines": 0, "percent_statements_covered": 92.0, "percent_statements_covered_display": "92"}, "missing_lines": [85, 86, 87, 88], "excluded_lines": [], "functions": {"cleanup_expired_transcriptions": {"executed_lines": [36, 37, 43, 45, 48, 52, 57, 59, 60, 62, 63, 66, 67, 69, 71, 72, 73, 74, 75, 78, 80, 91, 93], "summary": {"covered_lines": 23, "num_statements": 27, "percent_covered": 85.18518518518519, "percent_covered_display": "85", "missing_lines": 4, "excluded_lines": 0, "percent_statements_covered": 85.18518518518519, "percent_statements_covered_display": "85"}, "missing_lines": [85, 86, 87, 88], "excluded_lines": [], "start_line": 24}, "start_scheduler": {"executed_lines": [103, 104, 105, 108, 110, 119, 120], "summary": {"covered_lines": 7, "num_statements": 7, "percent_covered": 100.0, "percent_covered_display": "100", "missing_lines": 0, "excluded_lines": 0, "percent_statements_covered": 100.0, "percent_statements_covered_display": "100"}, "missing_lines": [], "excluded_lines": [], "start_line": 96}, "stop_scheduler": {"executed_lines": [127, 128, 129], "summary": {"covered_lines": 3, "num_statements": 3, "percent_covered": 100.0, "percent_covered_display": "100", "missing_lines": 0, "excluded_lines": 0, "percent_statements_covered": 100.0, "percent_statements_covered_display": "100"}, "missing_lines": [], "excluded_lines": [], "start_line": 125}, "": {"executed_lines": [8, 9, 10, 11, 13, 14, 15, 16, 18, 21, 24, 96, 125], "summary": {"covered_lines": 13, "num_statements": 13, "percent_covered": 100.0, "percent_covered_display": "100", "missing_lines": 0, "excluded_lines": 0, "percent_statements_covered": 100.0, "percent_statements_covered_display": "100"}, "missing_lines": [], "excluded_lines": [], "start_line": 1}}, "classes": {"": {"executed_lines": [8, 9, 10, 11, 13, 14, 15, 16, 18, 21, 24, 36, 37, 43, 45, 48, 52, 57, 59, 60, 62, 63, 66, 67, 69, 71, 72, 73, 74, 75, 78, 80, 91, 93, 96, 103, 104, 105, 108, 110, 119, 120, 125, 127, 128, 129], "summary": {"covered_lines": 46, "num_statements": 50, "percent_covered": 92.0, "percent_covered_display": "92", "missing_lines": 4, "excluded_lines": 0, "percent_statements_covered": 92.0, "percent_statements_covered_display": "92"}, "missing_lines": [85, 86, 87, 88], "excluded_lines": [], "start_line": 1}}}}, "totals": {"covered_lines": 2131, "num_statements": 2385, "percent_covered": 89.35010482180293, "percent_covered_display": "89", "missing_lines": 254, "excluded_lines": 0, "percent_statements_covered": 89.35010482180293, "percent_statements_covered_display": "89"}}